2025-03-14 11:24:06 - Rufe Commits ab für isaack0815/SUEE4
2025-03-14 11:24:06 - Gefunden: 13 neue Commits
2025-03-14 11:24:06 - Erstelle Backup: /www/htdocs/w01ddc0a/suee4/SUEE4/backups/backup_2025-03-14_11-24-06.zip
2025-03-14 11:24:10 - Backup erfolgreich erstellt
2025-03-14 11:24:10 - Verarbeite Commit: 554b881835dfdb661c401b7a3d5335eea98f253e - first upload
2025-03-14 11:24:10 - Rufe geänderte Dateien für Commit 554b881835dfdb661c401b7a3d5335eea98f253e ab
2025-03-14 11:24:11 - Lade Datei herunter: .htaccess (Commit: 554b881835dfdb661c401b7a3d5335eea98f253e)
2025-03-14 11:24:11 - Lade Datei herunter: admin/api/groups.php (Commit: 554b881835dfdb661c401b7a3d5335eea98f253e)
2025-03-14 11:24:11 - Lade Datei herunter: admin/groups.php (Commit: 554b881835dfdb661c401b7a3d5335eea98f253e)
2025-03-14 11:24:12 - Lade Datei herunter: admin/index.php (Commit: 554b881835dfdb661c401b7a3d5335eea98f253e)
2025-03-14 11:24:12 - Lade Datei herunter: check_files.php (Commit: 554b881835dfdb661c401b7a3d5335eea98f253e)
2025-03-14 11:24:12 - Lade Datei herunter: check_templates.php (Commit: 554b881835dfdb661c401b7a3d5335eea98f253e)
2025-03-14 11:24:13 - Lade Datei herunter: classes/Database.php (Commit: 554b881835dfdb661c401b7a3d5335eea98f253e)
2025-03-14 11:24:13 - Lade Datei herunter: classes/Group.php (Commit: 554b881835dfdb661c401b7a3d5335eea98f253e)
2025-03-14 11:24:13 - Lade Datei herunter: classes/Language.php (Commit: 554b881835dfdb661c401b7a3d5335eea98f253e)
2025-03-14 11:24:13 - Lade Datei herunter: classes/Menu.php (Commit: 554b881835dfdb661c401b7a3d5335eea98f253e)
2025-03-14 11:24:14 - Lade Datei herunter: classes/User.php (Commit: 554b881835dfdb661c401b7a3d5335eea98f253e)
2025-03-14 11:24:14 - Lade Datei herunter: composer.json (Commit: 554b881835dfdb661c401b7a3d5335eea98f253e)
2025-03-14 11:24:14 - Lade Datei herunter: composer.lock (Commit: 554b881835dfdb661c401b7a3d5335eea98f253e)
2025-03-14 11:24:15 - Lade Datei herunter: config/config.php (Commit: 554b881835dfdb661c401b7a3d5335eea98f253e)
2025-03-14 11:24:15 - Lade Datei herunter: css/admin.css (Commit: 554b881835dfdb661c401b7a3d5335eea98f253e)
2025-03-14 11:24:15 - Lade Datei herunter: css/custom.css (Commit: 554b881835dfdb661c401b7a3d5335eea98f253e)
2025-03-14 11:24:15 - Lade Datei herunter: dashboard.php (Commit: 554b881835dfdb661c401b7a3d5335eea98f253e)
2025-03-14 11:24:16 - Lade Datei herunter: debug.php (Commit: 554b881835dfdb661c401b7a3d5335eea98f253e)
2025-03-14 11:24:16 - Lade Datei herunter: error_check.php (Commit: 554b881835dfdb661c401b7a3d5335eea98f253e)
2025-03-14 11:24:16 - Lade Datei herunter: index.php (Commit: 554b881835dfdb661c401b7a3d5335eea98f253e)
2025-03-14 11:24:16 - Lade Datei herunter: init.php (Commit: 554b881835dfdb661c401b7a3d5335eea98f253e)
2025-03-14 11:24:17 - Lade Datei herunter: js/admin.js (Commit: 554b881835dfdb661c401b7a3d5335eea98f253e)
2025-03-14 11:24:17 - Lade Datei herunter: js/admin/groups.js (Commit: 554b881835dfdb661c401b7a3d5335eea98f253e)
2025-03-14 11:24:17 - Lade Datei herunter: js/login.js (Commit: 554b881835dfdb661c401b7a3d5335eea98f253e)
2025-03-14 11:24:18 - Lade Datei herunter: js/register.js (Commit: 554b881835dfdb661c401b7a3d5335eea98f253e)
2025-03-14 11:24:18 - Lade Datei herunter: libs/smarty/Smarty.class.php (Commit: 554b881835dfdb661c401b7a3d5335eea98f253e)
2025-03-14 11:24:18 - Lade Datei herunter: libs/smarty/src/BlockHandler/Base.php (Commit: 554b881835dfdb661c401b7a3d5335eea98f253e)
2025-03-14 11:24:18 - Lade Datei herunter: libs/smarty/src/BlockHandler/BlockHandlerInterface.php (Commit: 554b881835dfdb661c401b7a3d5335eea98f253e)
2025-03-14 11:24:19 - Lade Datei herunter: libs/smarty/src/BlockHandler/BlockPluginWrapper.php (Commit: 554b881835dfdb661c401b7a3d5335eea98f253e)
2025-03-14 11:24:19 - Lade Datei herunter: libs/smarty/src/BlockHandler/TextFormat.php (Commit: 554b881835dfdb661c401b7a3d5335eea98f253e)
2025-03-14 11:24:19 - Lade Datei herunter: libs/smarty/src/Cacheresource/Base.php (Commit: 554b881835dfdb661c401b7a3d5335eea98f253e)
2025-03-14 11:24:20 - Lade Datei herunter: libs/smarty/src/Cacheresource/Custom.php (Commit: 554b881835dfdb661c401b7a3d5335eea98f253e)
2025-03-14 11:24:20 - Lade Datei herunter: libs/smarty/src/Cacheresource/File.php (Commit: 554b881835dfdb661c401b7a3d5335eea98f253e)
2025-03-14 11:24:20 - Lade Datei herunter: libs/smarty/src/Cacheresource/KeyValueStore.php (Commit: 554b881835dfdb661c401b7a3d5335eea98f253e)
2025-03-14 11:24:20 - Lade Datei herunter: libs/smarty/src/Compile/Base.php (Commit: 554b881835dfdb661c401b7a3d5335eea98f253e)
2025-03-14 11:24:21 - Lade Datei herunter: libs/smarty/src/Compile/BlockCompiler.php (Commit: 554b881835dfdb661c401b7a3d5335eea98f253e)
2025-03-14 11:24:21 - Lade Datei herunter: libs/smarty/src/Compile/CompilerInterface.php (Commit: 554b881835dfdb661c401b7a3d5335eea98f253e)
2025-03-14 11:24:21 - Lade Datei herunter: libs/smarty/src/Compile/DefaultHandlerBlockCompiler.php (Commit: 554b881835dfdb661c401b7a3d5335eea98f253e)
2025-03-14 11:24:21 - Lade Datei herunter: libs/smarty/src/Compile/DefaultHandlerFunctionCallCompiler.php (Commit: 554b881835dfdb661c401b7a3d5335eea98f253e)
2025-03-14 11:24:22 - Lade Datei herunter: libs/smarty/src/Compile/FunctionCallCompiler.php (Commit: 554b881835dfdb661c401b7a3d5335eea98f253e)
2025-03-14 11:24:22 - Lade Datei herunter: libs/smarty/src/Compile/Modifier/BCPluginWrapper.php (Commit: 554b881835dfdb661c401b7a3d5335eea98f253e)
2025-03-14 11:24:22 - Lade Datei herunter: libs/smarty/src/Compile/Modifier/Base.php (Commit: 554b881835dfdb661c401b7a3d5335eea98f253e)
2025-03-14 11:24:23 - Lade Datei herunter: libs/smarty/src/Compile/Modifier/CatModifierCompiler.php (Commit: 554b881835dfdb661c401b7a3d5335eea98f253e)
2025-03-14 11:24:23 - Lade Datei herunter: libs/smarty/src/Compile/Modifier/CountCharactersModifierCompiler.php (Commit: 554b881835dfdb661c401b7a3d5335eea98f253e)
2025-03-14 11:24:23 - Lade Datei herunter: libs/smarty/src/Compile/Modifier/CountParagraphsModifierCompiler.php (Commit: 554b881835dfdb661c401b7a3d5335eea98f253e)
2025-03-14 11:24:23 - Lade Datei herunter: libs/smarty/src/Compile/Modifier/CountSentencesModifierCompiler.php (Commit: 554b881835dfdb661c401b7a3d5335eea98f253e)
2025-03-14 11:24:24 - Lade Datei herunter: libs/smarty/src/Compile/Modifier/CountWordsModifierCompiler.php (Commit: 554b881835dfdb661c401b7a3d5335eea98f253e)
2025-03-14 11:24:24 - Lade Datei herunter: libs/smarty/src/Compile/Modifier/DefaultModifierCompiler.php (Commit: 554b881835dfdb661c401b7a3d5335eea98f253e)
2025-03-14 11:24:24 - Lade Datei herunter: libs/smarty/src/Compile/Modifier/EmptyModifierCompiler.php (Commit: 554b881835dfdb661c401b7a3d5335eea98f253e)
2025-03-14 11:24:24 - Lade Datei herunter: libs/smarty/src/Compile/Modifier/EscapeModifierCompiler.php (Commit: 554b881835dfdb661c401b7a3d5335eea98f253e)
2025-03-14 11:24:25 - Lade Datei herunter: libs/smarty/src/Compile/Modifier/FromCharsetModifierCompiler.php (Commit: 554b881835dfdb661c401b7a3d5335eea98f253e)
2025-03-14 11:24:25 - Lade Datei herunter: libs/smarty/src/Compile/Modifier/IndentModifierCompiler.php (Commit: 554b881835dfdb661c401b7a3d5335eea98f253e)
2025-03-14 11:24:25 - Lade Datei herunter: libs/smarty/src/Compile/Modifier/IsArrayModifierCompiler.php (Commit: 554b881835dfdb661c401b7a3d5335eea98f253e)
2025-03-14 11:24:26 - Lade Datei herunter: libs/smarty/src/Compile/Modifier/IssetModifierCompiler.php (Commit: 554b881835dfdb661c401b7a3d5335eea98f253e)
2025-03-14 11:24:26 - Lade Datei herunter: libs/smarty/src/Compile/Modifier/JsonEncodeModifierCompiler.php (Commit: 554b881835dfdb661c401b7a3d5335eea98f253e)
2025-03-14 11:24:26 - Lade Datei herunter: libs/smarty/src/Compile/Modifier/LowerModifierCompiler.php (Commit: 554b881835dfdb661c401b7a3d5335eea98f253e)
2025-03-14 11:24:26 - Lade Datei herunter: libs/smarty/src/Compile/Modifier/ModifierCompilerInterface.php (Commit: 554b881835dfdb661c401b7a3d5335eea98f253e)
2025-03-14 11:24:27 - Lade Datei herunter: libs/smarty/src/Compile/Modifier/Nl2brModifierCompiler.php (Commit: 554b881835dfdb661c401b7a3d5335eea98f253e)
2025-03-14 11:24:27 - Lade Datei herunter: libs/smarty/src/Compile/Modifier/NoPrintModifierCompiler.php (Commit: 554b881835dfdb661c401b7a3d5335eea98f253e)
2025-03-14 11:24:27 - Lade Datei herunter: libs/smarty/src/Compile/Modifier/RawModifierCompiler.php (Commit: 554b881835dfdb661c401b7a3d5335eea98f253e)
2025-03-14 11:24:27 - Lade Datei herunter: libs/smarty/src/Compile/Modifier/RoundModifierCompiler.php (Commit: 554b881835dfdb661c401b7a3d5335eea98f253e)
2025-03-14 11:24:28 - Lade Datei herunter: libs/smarty/src/Compile/Modifier/StrRepeatModifierCompiler.php (Commit: 554b881835dfdb661c401b7a3d5335eea98f253e)
2025-03-14 11:24:28 - Lade Datei herunter: libs/smarty/src/Compile/Modifier/StringFormatModifierCompiler.php (Commit: 554b881835dfdb661c401b7a3d5335eea98f253e)
2025-03-14 11:24:28 - Lade Datei herunter: libs/smarty/src/Compile/Modifier/StripModifierCompiler.php (Commit: 554b881835dfdb661c401b7a3d5335eea98f253e)
2025-03-14 11:24:29 - Lade Datei herunter: libs/smarty/src/Compile/Modifier/StripTagsModifierCompiler.php (Commit: 554b881835dfdb661c401b7a3d5335eea98f253e)
2025-03-14 11:24:29 - Lade Datei herunter: libs/smarty/src/Compile/Modifier/StrlenModifierCompiler.php (Commit: 554b881835dfdb661c401b7a3d5335eea98f253e)
2025-03-14 11:24:29 - Lade Datei herunter: libs/smarty/src/Compile/Modifier/SubstrModifierCompiler.php (Commit: 554b881835dfdb661c401b7a3d5335eea98f253e)
2025-03-14 11:24:29 - Lade Datei herunter: libs/smarty/src/Compile/Modifier/ToCharsetModifierCompiler.php (Commit: 554b881835dfdb661c401b7a3d5335eea98f253e)
2025-03-14 11:24:30 - Lade Datei herunter: libs/smarty/src/Compile/Modifier/UnescapeModifierCompiler.php (Commit: 554b881835dfdb661c401b7a3d5335eea98f253e)
2025-03-14 11:24:30 - Lade Datei herunter: libs/smarty/src/Compile/Modifier/UpperModifierCompiler.php (Commit: 554b881835dfdb661c401b7a3d5335eea98f253e)
2025-03-14 11:24:30 - Lade Datei herunter: libs/smarty/src/Compile/Modifier/WordWrapModifierCompiler.php (Commit: 554b881835dfdb661c401b7a3d5335eea98f253e)
2025-03-14 11:24:30 - Lade Datei herunter: libs/smarty/src/Compile/ModifierCompiler.php (Commit: 554b881835dfdb661c401b7a3d5335eea98f253e)
2025-03-14 11:24:31 - Lade Datei herunter: libs/smarty/src/Compile/ObjectMethodBlockCompiler.php (Commit: 554b881835dfdb661c401b7a3d5335eea98f253e)
2025-03-14 11:24:31 - Lade Datei herunter: libs/smarty/src/Compile/ObjectMethodCallCompiler.php (Commit: 554b881835dfdb661c401b7a3d5335eea98f253e)
2025-03-14 11:24:31 - Lade Datei herunter: libs/smarty/src/Compile/PrintExpressionCompiler.php (Commit: 554b881835dfdb661c401b7a3d5335eea98f253e)
2025-03-14 11:24:32 - Lade Datei herunter: libs/smarty/src/Compile/SpecialVariableCompiler.php (Commit: 554b881835dfdb661c401b7a3d5335eea98f253e)
2025-03-14 11:24:32 - Lade Datei herunter: libs/smarty/src/Compile/Tag/Append.php (Commit: 554b881835dfdb661c401b7a3d5335eea98f253e)
2025-03-14 11:24:32 - Lade Datei herunter: libs/smarty/src/Compile/Tag/Assign.php (Commit: 554b881835dfdb661c401b7a3d5335eea98f253e)
2025-03-14 11:24:32 - Lade Datei herunter: libs/smarty/src/Compile/Tag/BCPluginWrapper.php (Commit: 554b881835dfdb661c401b7a3d5335eea98f253e)
2025-03-14 11:24:33 - Lade Datei herunter: libs/smarty/src/Compile/Tag/Block.php (Commit: 554b881835dfdb661c401b7a3d5335eea98f253e)
2025-03-14 11:24:33 - Lade Datei herunter: libs/smarty/src/Compile/Tag/BlockClose.php (Commit: 554b881835dfdb661c401b7a3d5335eea98f253e)
2025-03-14 11:24:33 - Lade Datei herunter: libs/smarty/src/Compile/Tag/BreakTag.php (Commit: 554b881835dfdb661c401b7a3d5335eea98f253e)
2025-03-14 11:24:34 - Lade Datei herunter: libs/smarty/src/Compile/Tag/Call.php (Commit: 554b881835dfdb661c401b7a3d5335eea98f253e)
2025-03-14 11:24:34 - Lade Datei herunter: libs/smarty/src/Compile/Tag/Capture.php (Commit: 554b881835dfdb661c401b7a3d5335eea98f253e)
2025-03-14 11:24:34 - Lade Datei herunter: libs/smarty/src/Compile/Tag/CaptureClose.php (Commit: 554b881835dfdb661c401b7a3d5335eea98f253e)
2025-03-14 11:24:34 - Lade Datei herunter: libs/smarty/src/Compile/Tag/ConfigLoad.php (Commit: 554b881835dfdb661c401b7a3d5335eea98f253e)
2025-03-14 11:24:35 - Lade Datei herunter: libs/smarty/src/Compile/Tag/ContinueTag.php (Commit: 554b881835dfdb661c401b7a3d5335eea98f253e)
2025-03-14 11:24:35 - Lade Datei herunter: libs/smarty/src/Compile/Tag/Debug.php (Commit: 554b881835dfdb661c401b7a3d5335eea98f253e)
2025-03-14 11:24:35 - Lade Datei herunter: libs/smarty/src/Compile/Tag/ElseIfTag.php (Commit: 554b881835dfdb661c401b7a3d5335eea98f253e)
2025-03-14 11:24:36 - Lade Datei herunter: libs/smarty/src/Compile/Tag/ElseTag.php (Commit: 554b881835dfdb661c401b7a3d5335eea98f253e)
2025-03-14 11:24:36 - Lade Datei herunter: libs/smarty/src/Compile/Tag/EvalTag.php (Commit: 554b881835dfdb661c401b7a3d5335eea98f253e)
2025-03-14 11:24:36 - Lade Datei herunter: libs/smarty/src/Compile/Tag/ExtendsTag.php (Commit: 554b881835dfdb661c401b7a3d5335eea98f253e)
2025-03-14 11:24:36 - Lade Datei herunter: libs/smarty/src/Compile/Tag/ForClose.php (Commit: 554b881835dfdb661c401b7a3d5335eea98f253e)
2025-03-14 11:24:37 - Lade Datei herunter: libs/smarty/src/Compile/Tag/ForElse.php (Commit: 554b881835dfdb661c401b7a3d5335eea98f253e)
2025-03-14 11:24:37 - Lade Datei herunter: libs/smarty/src/Compile/Tag/ForTag.php (Commit: 554b881835dfdb661c401b7a3d5335eea98f253e)
2025-03-14 11:24:37 - Lade Datei herunter: libs/smarty/src/Compile/Tag/ForeachClose.php (Commit: 554b881835dfdb661c401b7a3d5335eea98f253e)
2025-03-14 11:24:37 - Lade Datei herunter: libs/smarty/src/Compile/Tag/ForeachElse.php (Commit: 554b881835dfdb661c401b7a3d5335eea98f253e)
2025-03-14 11:24:38 - Lade Datei herunter: libs/smarty/src/Compile/Tag/ForeachSection.php (Commit: 554b881835dfdb661c401b7a3d5335eea98f253e)
2025-03-14 11:24:38 - Lade Datei herunter: libs/smarty/src/Compile/Tag/ForeachTag.php (Commit: 554b881835dfdb661c401b7a3d5335eea98f253e)
2025-03-14 11:24:38 - Lade Datei herunter: libs/smarty/src/Compile/Tag/FunctionClose.php (Commit: 554b881835dfdb661c401b7a3d5335eea98f253e)
2025-03-14 11:24:38 - Lade Datei herunter: libs/smarty/src/Compile/Tag/FunctionTag.php (Commit: 554b881835dfdb661c401b7a3d5335eea98f253e)
2025-03-14 11:24:39 - Lade Datei herunter: libs/smarty/src/Compile/Tag/IfClose.php (Commit: 554b881835dfdb661c401b7a3d5335eea98f253e)
2025-03-14 11:24:39 - Lade Datei herunter: libs/smarty/src/Compile/Tag/IfTag.php (Commit: 554b881835dfdb661c401b7a3d5335eea98f253e)
2025-03-14 11:24:39 - Lade Datei herunter: libs/smarty/src/Compile/Tag/IncludeTag.php (Commit: 554b881835dfdb661c401b7a3d5335eea98f253e)
2025-03-14 11:24:40 - Lade Datei herunter: libs/smarty/src/Compile/Tag/Inheritance.php (Commit: 554b881835dfdb661c401b7a3d5335eea98f253e)
2025-03-14 11:24:40 - Lade Datei herunter: libs/smarty/src/Compile/Tag/Ldelim.php (Commit: 554b881835dfdb661c401b7a3d5335eea98f253e)
2025-03-14 11:24:40 - Lade Datei herunter: libs/smarty/src/Compile/Tag/Nocache.php (Commit: 554b881835dfdb661c401b7a3d5335eea98f253e)
2025-03-14 11:24:40 - Lade Datei herunter: libs/smarty/src/Compile/Tag/NocacheClose.php (Commit: 554b881835dfdb661c401b7a3d5335eea98f253e)
2025-03-14 11:24:41 - Lade Datei herunter: libs/smarty/src/Compile/Tag/Rdelim.php (Commit: 554b881835dfdb661c401b7a3d5335eea98f253e)
2025-03-14 11:24:41 - Lade Datei herunter: libs/smarty/src/Compile/Tag/Section.php (Commit: 554b881835dfdb661c401b7a3d5335eea98f253e)
2025-03-14 11:24:41 - Lade Datei herunter: libs/smarty/src/Compile/Tag/SectionClose.php (Commit: 554b881835dfdb661c401b7a3d5335eea98f253e)
2025-03-14 11:24:41 - Lade Datei herunter: libs/smarty/src/Compile/Tag/SectionElse.php (Commit: 554b881835dfdb661c401b7a3d5335eea98f253e)
2025-03-14 11:24:42 - Lade Datei herunter: libs/smarty/src/Compile/Tag/Setfilter.php (Commit: 554b881835dfdb661c401b7a3d5335eea98f253e)
2025-03-14 11:24:42 - Lade Datei herunter: libs/smarty/src/Compile/Tag/SetfilterClose.php (Commit: 554b881835dfdb661c401b7a3d5335eea98f253e)
2025-03-14 11:24:42 - Lade Datei herunter: libs/smarty/src/Compile/Tag/WhileClose.php (Commit: 554b881835dfdb661c401b7a3d5335eea98f253e)
2025-03-14 11:24:42 - Lade Datei herunter: libs/smarty/src/Compile/Tag/WhileTag.php (Commit: 554b881835dfdb661c401b7a3d5335eea98f253e)
2025-03-14 11:24:43 - Lade Datei herunter: libs/smarty/src/Compiler/BaseCompiler.php (Commit: 554b881835dfdb661c401b7a3d5335eea98f253e)
2025-03-14 11:24:43 - Lade Datei herunter: libs/smarty/src/Compiler/CodeFrame.php (Commit: 554b881835dfdb661c401b7a3d5335eea98f253e)
2025-03-14 11:24:43 - Lade Datei herunter: libs/smarty/src/Compiler/Configfile.php (Commit: 554b881835dfdb661c401b7a3d5335eea98f253e)
2025-03-14 11:24:43 - Lade Datei herunter: libs/smarty/src/Compiler/Template.php (Commit: 554b881835dfdb661c401b7a3d5335eea98f253e)
2025-03-14 11:24:44 - Lade Datei herunter: libs/smarty/src/CompilerException.php (Commit: 554b881835dfdb661c401b7a3d5335eea98f253e)
2025-03-14 11:24:44 - Lade Datei herunter: libs/smarty/src/Data.php (Commit: 554b881835dfdb661c401b7a3d5335eea98f253e)
2025-03-14 11:24:44 - Lade Datei herunter: libs/smarty/src/Debug.php (Commit: 554b881835dfdb661c401b7a3d5335eea98f253e)
2025-03-14 11:24:45 - Lade Datei herunter: libs/smarty/src/ErrorHandler.php (Commit: 554b881835dfdb661c401b7a3d5335eea98f253e)
2025-03-14 11:24:45 - Lade Datei herunter: libs/smarty/src/Exception.php (Commit: 554b881835dfdb661c401b7a3d5335eea98f253e)
2025-03-14 11:24:45 - Lade Datei herunter: libs/smarty/src/Extension/BCPluginsAdapter.php (Commit: 554b881835dfdb661c401b7a3d5335eea98f253e)
2025-03-14 11:24:45 - Lade Datei herunter: libs/smarty/src/Extension/Base.php (Commit: 554b881835dfdb661c401b7a3d5335eea98f253e)
2025-03-14 11:24:46 - Lade Datei herunter: libs/smarty/src/Extension/CallbackWrapper.php (Commit: 554b881835dfdb661c401b7a3d5335eea98f253e)
2025-03-14 11:24:46 - Lade Datei herunter: libs/smarty/src/Extension/CoreExtension.php (Commit: 554b881835dfdb661c401b7a3d5335eea98f253e)
2025-03-14 11:24:46 - Lade Datei herunter: libs/smarty/src/Extension/DefaultExtension.php (Commit: 554b881835dfdb661c401b7a3d5335eea98f253e)
2025-03-14 11:24:46 - Lade Datei herunter: libs/smarty/src/Extension/ExtensionInterface.php (Commit: 554b881835dfdb661c401b7a3d5335eea98f253e)
2025-03-14 11:24:47 - Lade Datei herunter: libs/smarty/src/Filter/FilterInterface.php (Commit: 554b881835dfdb661c401b7a3d5335eea98f253e)
2025-03-14 11:24:47 - Lade Datei herunter: libs/smarty/src/Filter/FilterPluginWrapper.php (Commit: 554b881835dfdb661c401b7a3d5335eea98f253e)
2025-03-14 11:24:47 - Lade Datei herunter: libs/smarty/src/Filter/Output/TrimWhitespace.php (Commit: 554b881835dfdb661c401b7a3d5335eea98f253e)
2025-03-14 11:24:47 - Lade Datei herunter: libs/smarty/src/FunctionHandler/BCPluginWrapper.php (Commit: 554b881835dfdb661c401b7a3d5335eea98f253e)
2025-03-14 11:24:48 - Lade Datei herunter: libs/smarty/src/FunctionHandler/Base.php (Commit: 554b881835dfdb661c401b7a3d5335eea98f253e)
2025-03-14 11:24:48 - Lade Datei herunter: libs/smarty/src/FunctionHandler/Count.php (Commit: 554b881835dfdb661c401b7a3d5335eea98f253e)
2025-03-14 11:24:48 - Lade Datei herunter: libs/smarty/src/FunctionHandler/Counter.php (Commit: 554b881835dfdb661c401b7a3d5335eea98f253e)
2025-03-14 11:24:48 - Lade Datei herunter: libs/smarty/src/FunctionHandler/Cycle.php (Commit: 554b881835dfdb661c401b7a3d5335eea98f253e)
2025-03-14 11:24:49 - Lade Datei herunter: libs/smarty/src/FunctionHandler/Fetch.php (Commit: 554b881835dfdb661c401b7a3d5335eea98f253e)
2025-03-14 11:24:49 - Lade Datei herunter: libs/smarty/src/FunctionHandler/FunctionHandlerInterface.php (Commit: 554b881835dfdb661c401b7a3d5335eea98f253e)
2025-03-14 11:24:49 - Lade Datei herunter: libs/smarty/src/FunctionHandler/HtmlBase.php (Commit: 554b881835dfdb661c401b7a3d5335eea98f253e)
2025-03-14 11:24:49 - Lade Datei herunter: libs/smarty/src/FunctionHandler/HtmlCheckboxes.php (Commit: 554b881835dfdb661c401b7a3d5335eea98f253e)
2025-03-14 11:24:50 - Lade Datei herunter: libs/smarty/src/FunctionHandler/HtmlImage.php (Commit: 554b881835dfdb661c401b7a3d5335eea98f253e)
2025-03-14 11:24:50 - Lade Datei herunter: libs/smarty/src/FunctionHandler/HtmlOptions.php (Commit: 554b881835dfdb661c401b7a3d5335eea98f253e)
2025-03-14 11:24:50 - Lade Datei herunter: libs/smarty/src/FunctionHandler/HtmlRadios.php (Commit: 554b881835dfdb661c401b7a3d5335eea98f253e)
2025-03-14 11:24:50 - Lade Datei herunter: libs/smarty/src/FunctionHandler/HtmlSelectDate.php (Commit: 554b881835dfdb661c401b7a3d5335eea98f253e)
2025-03-14 11:24:51 - Lade Datei herunter: libs/smarty/src/FunctionHandler/HtmlSelectTime.php (Commit: 554b881835dfdb661c401b7a3d5335eea98f253e)
2025-03-14 11:24:51 - Lade Datei herunter: libs/smarty/src/FunctionHandler/HtmlTable.php (Commit: 554b881835dfdb661c401b7a3d5335eea98f253e)
2025-03-14 11:24:51 - Lade Datei herunter: libs/smarty/src/FunctionHandler/Mailto.php (Commit: 554b881835dfdb661c401b7a3d5335eea98f253e)
2025-03-14 11:24:52 - Lade Datei herunter: libs/smarty/src/FunctionHandler/Math.php (Commit: 554b881835dfdb661c401b7a3d5335eea98f253e)
2025-03-14 11:24:52 - Lade Datei herunter: libs/smarty/src/Lexer/ConfigfileLexer.php (Commit: 554b881835dfdb661c401b7a3d5335eea98f253e)
2025-03-14 11:24:52 - Lade Datei herunter: libs/smarty/src/Lexer/ConfigfileLexer.plex (Commit: 554b881835dfdb661c401b7a3d5335eea98f253e)
2025-03-14 11:24:52 - Lade Datei herunter: libs/smarty/src/Lexer/TemplateLexer.php (Commit: 554b881835dfdb661c401b7a3d5335eea98f253e)
2025-03-14 11:24:53 - Lade Datei herunter: libs/smarty/src/Lexer/TemplateLexer.plex (Commit: 554b881835dfdb661c401b7a3d5335eea98f253e)
2025-03-14 11:24:53 - Lade Datei herunter: libs/smarty/src/ParseTree/Base.php (Commit: 554b881835dfdb661c401b7a3d5335eea98f253e)
2025-03-14 11:24:53 - Lade Datei herunter: libs/smarty/src/ParseTree/Code.php (Commit: 554b881835dfdb661c401b7a3d5335eea98f253e)
2025-03-14 11:24:53 - Lade Datei herunter: libs/smarty/src/ParseTree/Dq.php (Commit: 554b881835dfdb661c401b7a3d5335eea98f253e)
2025-03-14 11:24:54 - Lade Datei herunter: libs/smarty/src/ParseTree/DqContent.php (Commit: 554b881835dfdb661c401b7a3d5335eea98f253e)
2025-03-14 11:24:54 - Lade Datei herunter: libs/smarty/src/ParseTree/Tag.php (Commit: 554b881835dfdb661c401b7a3d5335eea98f253e)
2025-03-14 11:24:54 - Lade Datei herunter: libs/smarty/src/ParseTree/Template.php (Commit: 554b881835dfdb661c401b7a3d5335eea98f253e)
2025-03-14 11:24:54 - Lade Datei herunter: libs/smarty/src/ParseTree/Text.php (Commit: 554b881835dfdb661c401b7a3d5335eea98f253e)
2025-03-14 11:24:55 - Lade Datei herunter: libs/smarty/src/Parser/ConfigfileParser.php (Commit: 554b881835dfdb661c401b7a3d5335eea98f253e)
2025-03-14 11:24:55 - Lade Datei herunter: libs/smarty/src/Parser/ConfigfileParser.y (Commit: 554b881835dfdb661c401b7a3d5335eea98f253e)
2025-03-14 11:24:55 - Lade Datei herunter: libs/smarty/src/Parser/TemplateParser.php (Commit: 554b881835dfdb661c401b7a3d5335eea98f253e)
2025-03-14 11:24:56 - Lade Datei herunter: libs/smarty/src/Parser/TemplateParser.y (Commit: 554b881835dfdb661c401b7a3d5335eea98f253e)
2025-03-14 11:24:56 - Lade Datei herunter: libs/smarty/src/Resource/BasePlugin.php (Commit: 554b881835dfdb661c401b7a3d5335eea98f253e)
2025-03-14 11:24:56 - Lade Datei herunter: libs/smarty/src/Resource/CustomPlugin.php (Commit: 554b881835dfdb661c401b7a3d5335eea98f253e)
2025-03-14 11:24:56 - Lade Datei herunter: libs/smarty/src/Resource/ExtendsPlugin.php (Commit: 554b881835dfdb661c401b7a3d5335eea98f253e)
2025-03-14 11:24:57 - Lade Datei herunter: libs/smarty/src/Resource/FilePlugin.php (Commit: 554b881835dfdb661c401b7a3d5335eea98f253e)
2025-03-14 11:24:57 - Lade Datei herunter: libs/smarty/src/Resource/RecompiledPlugin.php (Commit: 554b881835dfdb661c401b7a3d5335eea98f253e)
2025-03-14 11:24:57 - Lade Datei herunter: libs/smarty/src/Resource/StreamPlugin.php (Commit: 554b881835dfdb661c401b7a3d5335eea98f253e)
2025-03-14 11:24:58 - Lade Datei herunter: libs/smarty/src/Resource/StringEval.php (Commit: 554b881835dfdb661c401b7a3d5335eea98f253e)
2025-03-14 11:24:58 - Lade Datei herunter: libs/smarty/src/Resource/StringPlugin.php (Commit: 554b881835dfdb661c401b7a3d5335eea98f253e)
2025-03-14 11:24:58 - Lade Datei herunter: libs/smarty/src/Runtime/Block.php (Commit: 554b881835dfdb661c401b7a3d5335eea98f253e)
2025-03-14 11:24:58 - Lade Datei herunter: libs/smarty/src/Runtime/CaptureRuntime.php (Commit: 554b881835dfdb661c401b7a3d5335eea98f253e)
2025-03-14 11:24:59 - Lade Datei herunter: libs/smarty/src/Runtime/DefaultPluginHandlerRuntime.php (Commit: 554b881835dfdb661c401b7a3d5335eea98f253e)
2025-03-14 11:24:59 - Lade Datei herunter: libs/smarty/src/Runtime/ForeachRuntime.php (Commit: 554b881835dfdb661c401b7a3d5335eea98f253e)
2025-03-14 11:24:59 - Lade Datei herunter: libs/smarty/src/Runtime/InheritanceRuntime.php (Commit: 554b881835dfdb661c401b7a3d5335eea98f253e)
2025-03-14 11:24:59 - Lade Datei herunter: libs/smarty/src/Runtime/TplFunctionRuntime.php (Commit: 554b881835dfdb661c401b7a3d5335eea98f253e)
2025-03-14 11:25:00 - Lade Datei herunter: libs/smarty/src/Security.php (Commit: 554b881835dfdb661c401b7a3d5335eea98f253e)
2025-03-14 11:25:00 - Lade Datei herunter: libs/smarty/src/Smarty.php (Commit: 554b881835dfdb661c401b7a3d5335eea98f253e)
2025-03-14 11:25:00 - Lade Datei herunter: libs/smarty/src/Template.php (Commit: 554b881835dfdb661c401b7a3d5335eea98f253e)
2025-03-14 11:25:01 - Lade Datei herunter: libs/smarty/src/Template/Cached.php (Commit: 554b881835dfdb661c401b7a3d5335eea98f253e)
2025-03-14 11:25:01 - Lade Datei herunter: libs/smarty/src/Template/Compiled.php (Commit: 554b881835dfdb661c401b7a3d5335eea98f253e)
2025-03-14 11:25:01 - Lade Datei herunter: libs/smarty/src/Template/Config.php (Commit: 554b881835dfdb661c401b7a3d5335eea98f253e)
2025-03-14 11:25:01 - Lade Datei herunter: libs/smarty/src/Template/GeneratedPhpFile.php (Commit: 554b881835dfdb661c401b7a3d5335eea98f253e)
2025-03-14 11:25:02 - Lade Datei herunter: libs/smarty/src/Template/Source.php (Commit: 554b881835dfdb661c401b7a3d5335eea98f253e)
2025-03-14 11:25:02 - Lade Datei herunter: libs/smarty/src/TemplateBase.php (Commit: 554b881835dfdb661c401b7a3d5335eea98f253e)
2025-03-14 11:25:02 - Lade Datei herunter: libs/smarty/src/TestInstall.php (Commit: 554b881835dfdb661c401b7a3d5335eea98f253e)
2025-03-14 11:25:02 - Lade Datei herunter: libs/smarty/src/UndefinedVariable.php (Commit: 554b881835dfdb661c401b7a3d5335eea98f253e)
2025-03-14 11:25:03 - Lade Datei herunter: libs/smarty/src/Variable.php (Commit: 554b881835dfdb661c401b7a3d5335eea98f253e)
2025-03-14 11:25:03 - Lade Datei herunter: libs/smarty/src/debug.tpl (Commit: 554b881835dfdb661c401b7a3d5335eea98f253e)
2025-03-14 11:25:03 - Lade Datei herunter: libs/smarty/src/functions.php (Commit: 554b881835dfdb661c401b7a3d5335eea98f253e)
2025-03-14 11:25:03 - Lade Datei herunter: login.php (Commit: 554b881835dfdb661c401b7a3d5335eea98f253e)
2025-03-14 11:25:04 - Lade Datei herunter: logout.php (Commit: 554b881835dfdb661c401b7a3d5335eea98f253e)
2025-03-14 11:25:04 - Lade Datei herunter: register.php (Commit: 554b881835dfdb661c401b7a3d5335eea98f253e)
2025-03-14 11:25:04 - Lade Datei herunter: templates/admin/footer.tpl (Commit: 554b881835dfdb661c401b7a3d5335eea98f253e)
2025-03-14 11:25:05 - Lade Datei herunter: templates/admin/groups.tpl (Commit: 554b881835dfdb661c401b7a3d5335eea98f253e)
2025-03-14 11:25:05 - Lade Datei herunter: templates/admin/header.tpl (Commit: 554b881835dfdb661c401b7a3d5335eea98f253e)
2025-03-14 11:25:05 - Lade Datei herunter: templates/admin/index.tpl (Commit: 554b881835dfdb661c401b7a3d5335eea98f253e)
2025-03-14 11:25:05 - Lade Datei herunter: templates/dashboard.tpl (Commit: 554b881835dfdb661c401b7a3d5335eea98f253e)
2025-03-14 11:25:06 - Lade Datei herunter: templates/footer.tpl (Commit: 554b881835dfdb661c401b7a3d5335eea98f253e)
2025-03-14 11:25:06 - Lade Datei herunter: templates/header.tpl (Commit: 554b881835dfdb661c401b7a3d5335eea98f253e)
2025-03-14 11:25:06 - Lade Datei herunter: templates/login.tpl (Commit: 554b881835dfdb661c401b7a3d5335eea98f253e)
2025-03-14 11:25:06 - Lade Datei herunter: templates/register.tpl (Commit: 554b881835dfdb661c401b7a3d5335eea98f253e)
2025-03-14 11:25:07 - Lade Datei herunter: templates_c/131695c009ddc594338442d64c286b212b8f4e74_0.file_groups.tpl.php (Commit: 554b881835dfdb661c401b7a3d5335eea98f253e)
2025-03-14 11:25:07 - Lade Datei herunter: templates_c/1ce224fb4ebfa7576ede301623ec896edea37575_0.file_footer.tpl.php (Commit: 554b881835dfdb661c401b7a3d5335eea98f253e)
2025-03-14 11:25:07 - Lade Datei herunter: templates_c/4a5332b15fd0ef727726e5bbc7e9a199a8889c35_0.file_index.tpl.php (Commit: 554b881835dfdb661c401b7a3d5335eea98f253e)
2025-03-14 11:25:07 - Lade Datei herunter: templates_c/7a1e6cad3701e5ea4c56af8dd92df112c27297cd_0.file_register.tpl.php (Commit: 554b881835dfdb661c401b7a3d5335eea98f253e)
2025-03-14 11:25:08 - Lade Datei herunter: templates_c/852c07a3dee0a9b7c03fd049132e4988ebbbc436_0.file_login.tpl.php (Commit: 554b881835dfdb661c401b7a3d5335eea98f253e)
2025-03-14 11:25:08 - Lade Datei herunter: templates_c/b3ce11eb9bec492a7f8a155c5db8aeed74e8c828_0.file_footer.tpl.php (Commit: 554b881835dfdb661c401b7a3d5335eea98f253e)
2025-03-14 11:25:08 - Lade Datei herunter: templates_c/b473e0060e5a8923b104c7cd62630caa0ed5a07e_0.file_header.tpl.php (Commit: 554b881835dfdb661c401b7a3d5335eea98f253e)
2025-03-14 11:25:09 - Lade Datei herunter: templates_c/c470d7cac55b17deffd0159ffab1e79505e295e0_0.file_header.tpl.php (Commit: 554b881835dfdb661c401b7a3d5335eea98f253e)
2025-03-14 11:25:09 - Lade Datei herunter: templates_c/cb70334e2f43abb1a352ff61a2312644f5a153ab_0.file_dashboard.tpl.php (Commit: 554b881835dfdb661c401b7a3d5335eea98f253e)
2025-03-14 11:25:09 - Lade Datei herunter: vendor/autoload.php (Commit: 554b881835dfdb661c401b7a3d5335eea98f253e)
2025-03-14 11:25:09 - Lade Datei herunter: vendor/composer/ClassLoader.php (Commit: 554b881835dfdb661c401b7a3d5335eea98f253e)
2025-03-14 11:25:10 - Lade Datei herunter: vendor/composer/InstalledVersions.php (Commit: 554b881835dfdb661c401b7a3d5335eea98f253e)
2025-03-14 11:25:10 - Lade Datei herunter: vendor/composer/LICENSE (Commit: 554b881835dfdb661c401b7a3d5335eea98f253e)
2025-03-14 11:25:10 - Lade Datei herunter: vendor/composer/autoload_classmap.php (Commit: 554b881835dfdb661c401b7a3d5335eea98f253e)
2025-03-14 11:25:10 - Lade Datei herunter: vendor/composer/autoload_files.php (Commit: 554b881835dfdb661c401b7a3d5335eea98f253e)
2025-03-14 11:25:11 - Lade Datei herunter: vendor/composer/autoload_namespaces.php (Commit: 554b881835dfdb661c401b7a3d5335eea98f253e)
2025-03-14 11:25:11 - Lade Datei herunter: vendor/composer/autoload_psr4.php (Commit: 554b881835dfdb661c401b7a3d5335eea98f253e)
2025-03-14 11:25:11 - Lade Datei herunter: vendor/composer/autoload_real.php (Commit: 554b881835dfdb661c401b7a3d5335eea98f253e)
2025-03-14 11:25:11 - Lade Datei herunter: vendor/composer/autoload_static.php (Commit: 554b881835dfdb661c401b7a3d5335eea98f253e)
2025-03-14 11:25:12 - Lade Datei herunter: vendor/composer/installed.json (Commit: 554b881835dfdb661c401b7a3d5335eea98f253e)
2025-03-14 11:25:12 - Lade Datei herunter: vendor/composer/installed.php (Commit: 554b881835dfdb661c401b7a3d5335eea98f253e)
2025-03-14 11:25:12 - Lade Datei herunter: vendor/composer/platform_check.php (Commit: 554b881835dfdb661c401b7a3d5335eea98f253e)
2025-03-14 11:25:13 - Lade Datei herunter: vendor/smarty/smarty/CHANGELOG.md (Commit: 554b881835dfdb661c401b7a3d5335eea98f253e)
2025-03-14 11:25:13 - Lade Datei herunter: vendor/smarty/smarty/CONTRIBUTING.md (Commit: 554b881835dfdb661c401b7a3d5335eea98f253e)
2025-03-14 11:25:13 - Lade Datei herunter: vendor/smarty/smarty/LICENSE (Commit: 554b881835dfdb661c401b7a3d5335eea98f253e)
2025-03-14 11:25:13 - Lade Datei herunter: vendor/smarty/smarty/Makefile (Commit: 554b881835dfdb661c401b7a3d5335eea98f253e)
2025-03-14 11:25:14 - Lade Datei herunter: vendor/smarty/smarty/README.md (Commit: 554b881835dfdb661c401b7a3d5335eea98f253e)
2025-03-14 11:25:14 - Lade Datei herunter: vendor/smarty/smarty/SECURITY.md (Commit: 554b881835dfdb661c401b7a3d5335eea98f253e)
2025-03-14 11:25:14 - Lade Datei herunter: vendor/smarty/smarty/TODO.txt (Commit: 554b881835dfdb661c401b7a3d5335eea98f253e)
2025-03-14 11:25:15 - Lade Datei herunter: vendor/smarty/smarty/changelog/.gitkeep (Commit: 554b881835dfdb661c401b7a3d5335eea98f253e)
2025-03-14 11:25:15 - Lade Datei herunter: vendor/smarty/smarty/composer.json (Commit: 554b881835dfdb661c401b7a3d5335eea98f253e)
2025-03-14 11:25:15 - Lade Datei herunter: vendor/smarty/smarty/demo/configs/test.conf (Commit: 554b881835dfdb661c401b7a3d5335eea98f253e)
2025-03-14 11:25:15 - Lade Datei herunter: vendor/smarty/smarty/demo/index.php (Commit: 554b881835dfdb661c401b7a3d5335eea98f253e)
2025-03-14 11:25:16 - Lade Datei herunter: vendor/smarty/smarty/demo/templates/footer.tpl (Commit: 554b881835dfdb661c401b7a3d5335eea98f253e)
2025-03-14 11:25:16 - Lade Datei herunter: vendor/smarty/smarty/demo/templates/header.tpl (Commit: 554b881835dfdb661c401b7a3d5335eea98f253e)
2025-03-14 11:25:16 - Lade Datei herunter: vendor/smarty/smarty/demo/templates/index.tpl (Commit: 554b881835dfdb661c401b7a3d5335eea98f253e)
2025-03-14 11:25:16 - Lade Datei herunter: vendor/smarty/smarty/docs/_config.yml (Commit: 554b881835dfdb661c401b7a3d5335eea98f253e)
2025-03-14 11:25:17 - Lade Datei herunter: vendor/smarty/smarty/docs/api/basics.md (Commit: 554b881835dfdb661c401b7a3d5335eea98f253e)
2025-03-14 11:25:17 - Lade Datei herunter: vendor/smarty/smarty/docs/api/caching/basics.md (Commit: 554b881835dfdb661c401b7a3d5335eea98f253e)
2025-03-14 11:25:17 - Lade Datei herunter: vendor/smarty/smarty/docs/api/caching/custom-storage-layers.md (Commit: 554b881835dfdb661c401b7a3d5335eea98f253e)
2025-03-14 11:25:17 - Lade Datei herunter: vendor/smarty/smarty/docs/api/caching/multiple-caches-per-template.md (Commit: 554b881835dfdb661c401b7a3d5335eea98f253e)
2025-03-14 11:25:18 - Lade Datei herunter: vendor/smarty/smarty/docs/api/configuring.md (Commit: 554b881835dfdb661c401b7a3d5335eea98f253e)
2025-03-14 11:25:18 - Lade Datei herunter: vendor/smarty/smarty/docs/api/extending/block-tags.md (Commit: 554b881835dfdb661c401b7a3d5335eea98f253e)
2025-03-14 11:25:18 - Lade Datei herunter: vendor/smarty/smarty/docs/api/extending/extensions.md (Commit: 554b881835dfdb661c401b7a3d5335eea98f253e)
2025-03-14 11:25:19 - Lade Datei herunter: vendor/smarty/smarty/docs/api/extending/introduction.md (Commit: 554b881835dfdb661c401b7a3d5335eea98f253e)
2025-03-14 11:25:19 - Lade Datei herunter: vendor/smarty/smarty/docs/api/extending/modifiers.md (Commit: 554b881835dfdb661c401b7a3d5335eea98f253e)
2025-03-14 11:25:19 - Lade Datei herunter: vendor/smarty/smarty/docs/api/extending/tags.md (Commit: 554b881835dfdb661c401b7a3d5335eea98f253e)
2025-03-14 11:25:19 - Lade Datei herunter: vendor/smarty/smarty/docs/api/filters/output-filters.md (Commit: 554b881835dfdb661c401b7a3d5335eea98f253e)
2025-03-14 11:25:20 - Lade Datei herunter: vendor/smarty/smarty/docs/api/filters/postfilters.md (Commit: 554b881835dfdb661c401b7a3d5335eea98f253e)
2025-03-14 11:25:20 - Lade Datei herunter: vendor/smarty/smarty/docs/api/filters/prefilters.md (Commit: 554b881835dfdb661c401b7a3d5335eea98f253e)
2025-03-14 11:25:20 - Lade Datei herunter: vendor/smarty/smarty/docs/api/inheritance.md (Commit: 554b881835dfdb661c401b7a3d5335eea98f253e)
2025-03-14 11:25:20 - Lade Datei herunter: vendor/smarty/smarty/docs/api/rendering.md (Commit: 554b881835dfdb661c401b7a3d5335eea98f253e)
2025-03-14 11:25:21 - Lade Datei herunter: vendor/smarty/smarty/docs/api/resources.md (Commit: 554b881835dfdb661c401b7a3d5335eea98f253e)
2025-03-14 11:25:21 - Lade Datei herunter: vendor/smarty/smarty/docs/api/security.md (Commit: 554b881835dfdb661c401b7a3d5335eea98f253e)
2025-03-14 11:25:21 - Lade Datei herunter: vendor/smarty/smarty/docs/api/variables/assigning.md (Commit: 554b881835dfdb661c401b7a3d5335eea98f253e)
2025-03-14 11:25:22 - Lade Datei herunter: vendor/smarty/smarty/docs/api/variables/config-files.md (Commit: 554b881835dfdb661c401b7a3d5335eea98f253e)
2025-03-14 11:25:22 - Lade Datei herunter: vendor/smarty/smarty/docs/api/variables/objects.md (Commit: 554b881835dfdb661c401b7a3d5335eea98f253e)
2025-03-14 11:25:22 - Lade Datei herunter: vendor/smarty/smarty/docs/api/variables/static-class-methods.md (Commit: 554b881835dfdb661c401b7a3d5335eea98f253e)
2025-03-14 11:25:22 - Lade Datei herunter: vendor/smarty/smarty/docs/api/variables/streams.md (Commit: 554b881835dfdb661c401b7a3d5335eea98f253e)
2025-03-14 11:25:23 - Lade Datei herunter: vendor/smarty/smarty/docs/appendixes/tips.md (Commit: 554b881835dfdb661c401b7a3d5335eea98f253e)
2025-03-14 11:25:23 - Lade Datei herunter: vendor/smarty/smarty/docs/appendixes/troubleshooting.md (Commit: 554b881835dfdb661c401b7a3d5335eea98f253e)
2025-03-14 11:25:23 - Lade Datei herunter: vendor/smarty/smarty/docs/designers/chapter-debugging-console.md (Commit: 554b881835dfdb661c401b7a3d5335eea98f253e)
2025-03-14 11:25:23 - Lade Datei herunter: vendor/smarty/smarty/docs/designers/config-files.md (Commit: 554b881835dfdb661c401b7a3d5335eea98f253e)
2025-03-14 11:25:24 - Lade Datei herunter: vendor/smarty/smarty/docs/designers/language-basic-syntax/index.md (Commit: 554b881835dfdb661c401b7a3d5335eea98f253e)
2025-03-14 11:25:24 - Lade Datei herunter: vendor/smarty/smarty/docs/designers/language-basic-syntax/language-escaping.md (Commit: 554b881835dfdb661c401b7a3d5335eea98f253e)
2025-03-14 11:25:24 - Lade Datei herunter: vendor/smarty/smarty/docs/designers/language-basic-syntax/language-syntax-attributes.md (Commit: 554b881835dfdb661c401b7a3d5335eea98f253e)
2025-03-14 11:25:24 - Lade Datei herunter: vendor/smarty/smarty/docs/designers/language-basic-syntax/language-syntax-comments.md (Commit: 554b881835dfdb661c401b7a3d5335eea98f253e)
2025-03-14 11:25:25 - Lade Datei herunter: vendor/smarty/smarty/docs/designers/language-basic-syntax/language-syntax-operators.md (Commit: 554b881835dfdb661c401b7a3d5335eea98f253e)
2025-03-14 11:25:25 - Lade Datei herunter: vendor/smarty/smarty/docs/designers/language-basic-syntax/language-syntax-quotes.md (Commit: 554b881835dfdb661c401b7a3d5335eea98f253e)
2025-03-14 11:25:25 - Lade Datei herunter: vendor/smarty/smarty/docs/designers/language-basic-syntax/language-syntax-tags.md (Commit: 554b881835dfdb661c401b7a3d5335eea98f253e)
2025-03-14 11:25:26 - Lade Datei herunter: vendor/smarty/smarty/docs/designers/language-basic-syntax/language-syntax-variables.md (Commit: 554b881835dfdb661c401b7a3d5335eea98f253e)
2025-03-14 11:25:26 - Lade Datei herunter: vendor/smarty/smarty/docs/designers/language-builtin-functions.md (Commit: 554b881835dfdb661c401b7a3d5335eea98f253e)
2025-03-14 11:25:26 - Lade Datei herunter: vendor/smarty/smarty/docs/designers/language-builtin-functions/index.md (Commit: 554b881835dfdb661c401b7a3d5335eea98f253e)
2025-03-14 11:25:26 - Lade Datei herunter: vendor/smarty/smarty/docs/designers/language-builtin-functions/language-function-append.md (Commit: 554b881835dfdb661c401b7a3d5335eea98f253e)
2025-03-14 11:25:27 - Lade Datei herunter: vendor/smarty/smarty/docs/designers/language-builtin-functions/language-function-assign.md (Commit: 554b881835dfdb661c401b7a3d5335eea98f253e)
2025-03-14 11:25:27 - Lade Datei herunter: vendor/smarty/smarty/docs/designers/language-builtin-functions/language-function-block.md (Commit: 554b881835dfdb661c401b7a3d5335eea98f253e)
2025-03-14 11:25:27 - Lade Datei herunter: vendor/smarty/smarty/docs/designers/language-builtin-functions/language-function-call.md (Commit: 554b881835dfdb661c401b7a3d5335eea98f253e)
2025-03-14 11:25:27 - Lade Datei herunter: vendor/smarty/smarty/docs/designers/language-builtin-functions/language-function-capture.md (Commit: 554b881835dfdb661c401b7a3d5335eea98f253e)
2025-03-14 11:25:28 - Lade Datei herunter: vendor/smarty/smarty/docs/designers/language-builtin-functions/language-function-config-load.md (Commit: 554b881835dfdb661c401b7a3d5335eea98f253e)
2025-03-14 11:25:28 - Lade Datei herunter: vendor/smarty/smarty/docs/designers/language-builtin-functions/language-function-debug.md (Commit: 554b881835dfdb661c401b7a3d5335eea98f253e)
2025-03-14 11:25:28 - Lade Datei herunter: vendor/smarty/smarty/docs/designers/language-builtin-functions/language-function-extends.md (Commit: 554b881835dfdb661c401b7a3d5335eea98f253e)
2025-03-14 11:25:29 - Lade Datei herunter: vendor/smarty/smarty/docs/designers/language-builtin-functions/language-function-for.md (Commit: 554b881835dfdb661c401b7a3d5335eea98f253e)
2025-03-14 11:25:29 - Lade Datei herunter: vendor/smarty/smarty/docs/designers/language-builtin-functions/language-function-foreach.md (Commit: 554b881835dfdb661c401b7a3d5335eea98f253e)
2025-03-14 11:25:29 - Lade Datei herunter: vendor/smarty/smarty/docs/designers/language-builtin-functions/language-function-function.md (Commit: 554b881835dfdb661c401b7a3d5335eea98f253e)
2025-03-14 11:25:29 - Lade Datei herunter: vendor/smarty/smarty/docs/designers/language-builtin-functions/language-function-if.md (Commit: 554b881835dfdb661c401b7a3d5335eea98f253e)
2025-03-14 11:25:30 - Lade Datei herunter: vendor/smarty/smarty/docs/designers/language-builtin-functions/language-function-include.md (Commit: 554b881835dfdb661c401b7a3d5335eea98f253e)
2025-03-14 11:25:30 - Lade Datei herunter: vendor/smarty/smarty/docs/designers/language-builtin-functions/language-function-insert.md (Commit: 554b881835dfdb661c401b7a3d5335eea98f253e)
2025-03-14 11:25:30 - Lade Datei herunter: vendor/smarty/smarty/docs/designers/language-builtin-functions/language-function-ldelim.md (Commit: 554b881835dfdb661c401b7a3d5335eea98f253e)
2025-03-14 11:25:30 - Lade Datei herunter: vendor/smarty/smarty/docs/designers/language-builtin-functions/language-function-literal.md (Commit: 554b881835dfdb661c401b7a3d5335eea98f253e)
2025-03-14 11:25:31 - Lade Datei herunter: vendor/smarty/smarty/docs/designers/language-builtin-functions/language-function-nocache.md (Commit: 554b881835dfdb661c401b7a3d5335eea98f253e)
2025-03-14 11:25:31 - Lade Datei herunter: vendor/smarty/smarty/docs/designers/language-builtin-functions/language-function-section.md (Commit: 554b881835dfdb661c401b7a3d5335eea98f253e)
2025-03-14 11:25:31 - Lade Datei herunter: vendor/smarty/smarty/docs/designers/language-builtin-functions/language-function-setfilter.md (Commit: 554b881835dfdb661c401b7a3d5335eea98f253e)
2025-03-14 11:25:31 - Lade Datei herunter: vendor/smarty/smarty/docs/designers/language-builtin-functions/language-function-strip.md (Commit: 554b881835dfdb661c401b7a3d5335eea98f253e)
2025-03-14 11:25:32 - Lade Datei herunter: vendor/smarty/smarty/docs/designers/language-builtin-functions/language-function-while.md (Commit: 554b881835dfdb661c401b7a3d5335eea98f253e)
2025-03-14 11:25:32 - Verarbeite Commit: 0ce547bcf27c1309108c5c2e4232728ca94e8b53 - second commit
2025-03-14 11:25:32 - Rufe geänderte Dateien für Commit 0ce547bcf27c1309108c5c2e4232728ca94e8b53 ab
2025-03-14 11:25:32 - Lade Datei herunter: .gitignore (Commit: 0ce547bcf27c1309108c5c2e4232728ca94e8b53)
2025-03-14 11:25:33 - Lade Datei herunter: config/config_default.php (Commit: 0ce547bcf27c1309108c5c2e4232728ca94e8b53)
2025-03-14 11:25:33 - Verarbeite Commit: 4367e60ba9ea63a040bbc1faf2e2816bba7a53d7 - new update
2025-03-14 11:25:33 - Rufe geänderte Dateien für Commit 4367e60ba9ea63a040bbc1faf2e2816bba7a53d7 ab
2025-03-14 11:25:33 - Lade Datei herunter: access_denied.php (Commit: 4367e60ba9ea63a040bbc1faf2e2816bba7a53d7)
2025-03-14 11:25:34 - Lade Datei herunter: admin/api/groups.php (Commit: 4367e60ba9ea63a040bbc1faf2e2816bba7a53d7)
2025-03-14 11:25:34 - Lade Datei herunter: admin/api/menu.php (Commit: 4367e60ba9ea63a040bbc1faf2e2816bba7a53d7)
2025-03-14 11:25:34 - Lade Datei herunter: admin/api/permissions.php (Commit: 4367e60ba9ea63a040bbc1faf2e2816bba7a53d7)
2025-03-14 11:25:35 - Lade Datei herunter: admin/group_permissions.php (Commit: 4367e60ba9ea63a040bbc1faf2e2816bba7a53d7)
2025-03-14 11:25:35 - Lade Datei herunter: admin/groups.php (Commit: 4367e60ba9ea63a040bbc1faf2e2816bba7a53d7)
2025-03-14 11:25:35 - Lade Datei herunter: admin/index.php (Commit: 4367e60ba9ea63a040bbc1faf2e2816bba7a53d7)
2025-03-14 11:25:36 - Lade Datei herunter: admin/menues.php (Commit: 4367e60ba9ea63a040bbc1faf2e2816bba7a53d7)
2025-03-14 11:25:36 - Lade Datei herunter: admin/permissions.php (Commit: 4367e60ba9ea63a040bbc1faf2e2816bba7a53d7)
2025-03-14 11:25:36 - Lade Datei herunter: classes/Menu.php (Commit: 4367e60ba9ea63a040bbc1faf2e2816bba7a53d7)
2025-03-14 11:25:36 - Lade Datei herunter: classes/Permission.php (Commit: 4367e60ba9ea63a040bbc1faf2e2816bba7a53d7)
2025-03-14 11:25:37 - Lade Datei herunter: classes/User.php (Commit: 4367e60ba9ea63a040bbc1faf2e2816bba7a53d7)
2025-03-14 11:25:37 - Lade Datei herunter: includes/auth_check.php (Commit: 4367e60ba9ea63a040bbc1faf2e2816bba7a53d7)
2025-03-14 11:25:37 - Lade Datei herunter: includes/page_header.php (Commit: 4367e60ba9ea63a040bbc1faf2e2816bba7a53d7)
2025-03-14 11:25:38 - Lade Datei herunter: index.php (Commit: 4367e60ba9ea63a040bbc1faf2e2816bba7a53d7)
2025-03-14 11:25:38 - Lade Datei herunter: init.php (Commit: 4367e60ba9ea63a040bbc1faf2e2816bba7a53d7)
2025-03-14 11:25:38 - Lade Datei herunter: js/admin/group_permissions.js (Commit: 4367e60ba9ea63a040bbc1faf2e2816bba7a53d7)
2025-03-14 11:25:38 - Lade Datei herunter: js/admin/groups.js (Commit: 4367e60ba9ea63a040bbc1faf2e2816bba7a53d7)
2025-03-14 11:25:39 - Lade Datei herunter: js/admin/menues.js (Commit: 4367e60ba9ea63a040bbc1faf2e2816bba7a53d7)
2025-03-14 11:25:39 - Lade Datei herunter: js/admin/permissions.js (Commit: 4367e60ba9ea63a040bbc1faf2e2816bba7a53d7)
2025-03-14 11:25:39 - Lade Datei herunter: js/admin/utils.js (Commit: 4367e60ba9ea63a040bbc1faf2e2816bba7a53d7)
2025-03-14 11:25:39 - Lade Datei herunter: templates/access_denied.tpl (Commit: 4367e60ba9ea63a040bbc1faf2e2816bba7a53d7)
2025-03-14 11:25:40 - Lade Datei herunter: templates/admin/footer.tpl (Commit: 4367e60ba9ea63a040bbc1faf2e2816bba7a53d7)
2025-03-14 11:25:40 - Lade Datei herunter: templates/admin/group_permissions.tpl (Commit: 4367e60ba9ea63a040bbc1faf2e2816bba7a53d7)
2025-03-14 11:25:40 - Lade Datei herunter: templates/admin/groups.tpl (Commit: 4367e60ba9ea63a040bbc1faf2e2816bba7a53d7)
2025-03-14 11:25:40 - Lade Datei herunter: templates/admin/header.tpl (Commit: 4367e60ba9ea63a040bbc1faf2e2816bba7a53d7)
2025-03-14 11:25:41 - Lade Datei herunter: templates/admin/index.tpl (Commit: 4367e60ba9ea63a040bbc1faf2e2816bba7a53d7)
2025-03-14 11:25:41 - Lade Datei herunter: templates/admin/menues.tpl (Commit: 4367e60ba9ea63a040bbc1faf2e2816bba7a53d7)
2025-03-14 11:25:41 - Lade Datei herunter: templates/admin/permissions.tpl (Commit: 4367e60ba9ea63a040bbc1faf2e2816bba7a53d7)
2025-03-14 11:25:41 - Lade Datei herunter: templates/header.tpl (Commit: 4367e60ba9ea63a040bbc1faf2e2816bba7a53d7)
2025-03-14 11:25:42 - Lade Datei herunter: templates_c/131695c009ddc594338442d64c286b212b8f4e74_0.file_groups.tpl.php (Commit: 4367e60ba9ea63a040bbc1faf2e2816bba7a53d7)
2025-03-14 11:25:42 - Lade Datei herunter: templates_c/1ce224fb4ebfa7576ede301623ec896edea37575_0.file_footer.tpl.php (Commit: 4367e60ba9ea63a040bbc1faf2e2816bba7a53d7)
2025-03-14 11:25:42 - Lade Datei herunter: templates_c/3738db6ea7e1a23bbaf46f799875c6a3f81c0b03_0.file_permissions.tpl.php (Commit: 4367e60ba9ea63a040bbc1faf2e2816bba7a53d7)
2025-03-14 11:25:42 - Lade Datei herunter: templates_c/4a5332b15fd0ef727726e5bbc7e9a199a8889c35_0.file_index.tpl.php (Commit: 4367e60ba9ea63a040bbc1faf2e2816bba7a53d7)
2025-03-14 11:25:43 - Lade Datei herunter: templates_c/b473e0060e5a8923b104c7cd62630caa0ed5a07e_0.file_header.tpl.php (Commit: 4367e60ba9ea63a040bbc1faf2e2816bba7a53d7)
2025-03-14 11:25:43 - Lade Datei herunter: templates_c/c470d7cac55b17deffd0159ffab1e79505e295e0_0.file_header.tpl.php (Commit: 4367e60ba9ea63a040bbc1faf2e2816bba7a53d7)
2025-03-14 11:25:43 - Lade Datei herunter: templates_c/d6dc7a0d58f6b2cc54ab6e472cbd65c7939a41db_0.file_menues.tpl.php (Commit: 4367e60ba9ea63a040bbc1faf2e2816bba7a53d7)
2025-03-14 11:25:44 - Verarbeite Commit: f295fa78e9bd42599f585f16b0c0f3e2bca1d983 - update, adding and edit
2025-03-14 11:25:44 - Rufe geänderte Dateien für Commit f295fa78e9bd42599f585f16b0c0f3e2bca1d983 ab
2025-03-14 11:25:44 - Lade Datei herunter: admin/api/languages.php (Commit: f295fa78e9bd42599f585f16b0c0f3e2bca1d983)
2025-03-14 11:25:44 - Unbekannter Dateistatus: renamed für admin/api/menus.php
2025-03-14 11:25:44 - Lade Datei herunter: admin/languages.php (Commit: f295fa78e9bd42599f585f16b0c0f3e2bca1d983)
2025-03-14 11:25:44 - Lade Datei herunter: classes/Language.php (Commit: f295fa78e9bd42599f585f16b0c0f3e2bca1d983)
2025-03-14 11:25:45 - Lade Datei herunter: classes/Menu.php (Commit: f295fa78e9bd42599f585f16b0c0f3e2bca1d983)
2025-03-14 11:25:45 - Lade Datei herunter: css/admin.css (Commit: f295fa78e9bd42599f585f16b0c0f3e2bca1d983)
2025-03-14 11:25:45 - Lade Datei herunter: index.php (Commit: f295fa78e9bd42599f585f16b0c0f3e2bca1d983)
2025-03-14 11:25:46 - Lade Datei herunter: js/admin/languages.js (Commit: f295fa78e9bd42599f585f16b0c0f3e2bca1d983)
2025-03-14 11:25:46 - Lade Datei herunter: js/admin/menus.js (Commit: f295fa78e9bd42599f585f16b0c0f3e2bca1d983)
2025-03-14 11:25:46 - Lade Datei herunter: templates/admin/header.tpl (Commit: f295fa78e9bd42599f585f16b0c0f3e2bca1d983)
2025-03-14 11:25:46 - Lade Datei herunter: templates/admin/languages.tpl (Commit: f295fa78e9bd42599f585f16b0c0f3e2bca1d983)
2025-03-14 11:25:47 - Lade Datei herunter: templates/admin/menues.tpl (Commit: f295fa78e9bd42599f585f16b0c0f3e2bca1d983)
2025-03-14 11:25:47 - Lade Datei herunter: templates_c/37dfa9abe629b86f010e81451a8c705fb997b275_0.file_languages.tpl.php (Commit: f295fa78e9bd42599f585f16b0c0f3e2bca1d983)
2025-03-14 11:25:47 - Lade Datei herunter: templates_c/c470d7cac55b17deffd0159ffab1e79505e295e0_0.file_header.tpl.php (Commit: f295fa78e9bd42599f585f16b0c0f3e2bca1d983)
2025-03-14 11:25:48 - Lade Datei herunter: templates_c/d6dc7a0d58f6b2cc54ab6e472cbd65c7939a41db_0.file_menues.tpl.php (Commit: f295fa78e9bd42599f585f16b0c0f3e2bca1d983)
2025-03-14 11:25:48 - Verarbeite Commit: 668afd9b93beb18b1ffaf325d46c7bf260b6be0b - adding cms system
2025-03-14 11:25:48 - Rufe geänderte Dateien für Commit 668afd9b93beb18b1ffaf325d46c7bf260b6be0b ab
2025-03-14 11:25:48 - Lade Datei herunter: admin/api/cms.php (Commit: 668afd9b93beb18b1ffaf325d46c7bf260b6be0b)
2025-03-14 11:25:48 - Lade Datei herunter: admin/cms.php (Commit: 668afd9b93beb18b1ffaf325d46c7bf260b6be0b)
2025-03-14 11:25:49 - Lade Datei herunter: classes/CMS.php (Commit: 668afd9b93beb18b1ffaf325d46c7bf260b6be0b)
2025-03-14 11:25:49 - Lade Datei herunter: classes/Menu.php (Commit: 668afd9b93beb18b1ffaf325d46c7bf260b6be0b)
2025-03-14 11:25:49 - Lade Datei herunter: js/admin/cms.js (Commit: 668afd9b93beb18b1ffaf325d46c7bf260b6be0b)
2025-03-14 11:25:50 - Lade Datei herunter: page.php (Commit: 668afd9b93beb18b1ffaf325d46c7bf260b6be0b)
2025-03-14 11:25:50 - Lade Datei herunter: templates/404.tpl (Commit: 668afd9b93beb18b1ffaf325d46c7bf260b6be0b)
2025-03-14 11:25:50 - Lade Datei herunter: templates/admin/cms.tpl (Commit: 668afd9b93beb18b1ffaf325d46c7bf260b6be0b)
2025-03-14 11:25:50 - Lade Datei herunter: templates/page.tpl (Commit: 668afd9b93beb18b1ffaf325d46c7bf260b6be0b)
2025-03-14 11:25:51 - Lade Datei herunter: templates_c/5358e8677eeca9fb5b2f69eef0baa3ee694a0a74_0.file_page.tpl.php (Commit: 668afd9b93beb18b1ffaf325d46c7bf260b6be0b)
2025-03-14 11:25:51 - Lade Datei herunter: templates_c/bf2cb56825c75692c919181d56f7239ff81bc491_0.file_cms.tpl.php (Commit: 668afd9b93beb18b1ffaf325d46c7bf260b6be0b)
2025-03-14 11:25:51 - Lade Datei herunter: templates_c/cecc354b329b33647ed07183af1195bd1cebfaf0_0.file_404.tpl.php (Commit: 668afd9b93beb18b1ffaf325d46c7bf260b6be0b)
2025-03-14 11:25:52 - Verarbeite Commit: 53109191a005dfdb8932f81f57e8a0b19f10f55d - addin dashboard modules and more
2025-03-14 11:25:52 - Rufe geänderte Dateien für Commit 53109191a005dfdb8932f81f57e8a0b19f10f55d ab
2025-03-14 11:25:52 - Lade Datei herunter: admin/api/modules.php (Commit: 53109191a005dfdb8932f81f57e8a0b19f10f55d)
2025-03-14 11:25:52 - Lade Datei herunter: admin/api/users.php (Commit: 53109191a005dfdb8932f81f57e8a0b19f10f55d)
2025-03-14 11:25:53 - Lade Datei herunter: admin/init_dashboard_modules.php (Commit: 53109191a005dfdb8932f81f57e8a0b19f10f55d)
2025-03-14 11:25:53 - Lade Datei herunter: admin/modules.php (Commit: 53109191a005dfdb8932f81f57e8a0b19f10f55d)
2025-03-14 11:25:53 - Lade Datei herunter: admin/user_details.php (Commit: 53109191a005dfdb8932f81f57e8a0b19f10f55d)
2025-03-14 11:25:53 - Lade Datei herunter: admin/users.php (Commit: 53109191a005dfdb8932f81f57e8a0b19f10f55d)
2025-03-14 11:25:54 - Lade Datei herunter: admin/users/autoinclude/01_user_activity.php (Commit: 53109191a005dfdb8932f81f57e8a0b19f10f55d)
2025-03-14 11:25:54 - Lade Datei herunter: admin/users/autoinclude/02_user_statistics.php (Commit: 53109191a005dfdb8932f81f57e8a0b19f10f55d)
2025-03-14 11:25:54 - Lade Datei herunter: admin/users/autoinclude/03_user_permissions.php (Commit: 53109191a005dfdb8932f81f57e8a0b19f10f55d)
2025-03-14 11:25:55 - Lade Datei herunter: api/dashboard.php (Commit: 53109191a005dfdb8932f81f57e8a0b19f10f55d)
2025-03-14 11:25:55 - Lade Datei herunter: classes/Dashboard.php (Commit: 53109191a005dfdb8932f81f57e8a0b19f10f55d)
2025-03-14 11:25:55 - Lade Datei herunter: classes/Group.php (Commit: 53109191a005dfdb8932f81f57e8a0b19f10f55d)
2025-03-14 11:25:55 - Lade Datei herunter: classes/ModulManager.php (Commit: 53109191a005dfdb8932f81f57e8a0b19f10f55d)
2025-03-14 11:25:56 - Lade Datei herunter: classes/User.php (Commit: 53109191a005dfdb8932f81f57e8a0b19f10f55d)
2025-03-14 11:25:56 - Lade Datei herunter: classes/UserPreferences.php (Commit: 53109191a005dfdb8932f81f57e8a0b19f10f55d)
2025-03-14 11:25:56 - Lade Datei herunter: css/dashboard.css (Commit: 53109191a005dfdb8932f81f57e8a0b19f10f55d)
2025-03-14 11:25:57 - Lade Datei herunter: dashboard.php (Commit: 53109191a005dfdb8932f81f57e8a0b19f10f55d)
2025-03-14 11:25:57 - Lade Datei herunter: includes/user/dashboard.php (Commit: 53109191a005dfdb8932f81f57e8a0b19f10f55d)
2025-03-14 11:25:57 - Lade Datei herunter: includes/user/profil/01_security.php (Commit: 53109191a005dfdb8932f81f57e8a0b19f10f55d)
2025-03-14 11:25:57 - Lade Datei herunter: includes/user/profil/02_preferences.php (Commit: 53109191a005dfdb8932f81f57e8a0b19f10f55d)
2025-03-14 11:25:58 - Lade Datei herunter: includes/user/profil/03_dashboard_settings.php (Commit: 53109191a005dfdb8932f81f57e8a0b19f10f55d)
2025-03-14 11:25:58 - Lade Datei herunter: includes/user/profil/dashboard/01_welcome.php (Commit: 53109191a005dfdb8932f81f57e8a0b19f10f55d)
2025-03-14 11:25:58 - Lade Datei herunter: includes/user/profil/dashboard/02_quick_links.php (Commit: 53109191a005dfdb8932f81f57e8a0b19f10f55d)
2025-03-14 11:25:58 - Lade Datei herunter: includes/user/profil/dashboard/03_statistics.php (Commit: 53109191a005dfdb8932f81f57e8a0b19f10f55d)
2025-03-14 11:25:59 - Lade Datei herunter: includes/user/profil/dashboard/04_recent_activity.php (Commit: 53109191a005dfdb8932f81f57e8a0b19f10f55d)
2025-03-14 11:25:59 - Lade Datei herunter: init.php (Commit: 53109191a005dfdb8932f81f57e8a0b19f10f55d)
2025-03-14 11:25:59 - Lade Datei herunter: js/admin/user_details.js (Commit: 53109191a005dfdb8932f81f57e8a0b19f10f55d)
2025-03-14 11:26:00 - Lade Datei herunter: js/admin/users.js (Commit: 53109191a005dfdb8932f81f57e8a0b19f10f55d)
2025-03-14 11:26:00 - Lade Datei herunter: js/dashboard.js (Commit: 53109191a005dfdb8932f81f57e8a0b19f10f55d)
2025-03-14 11:26:00 - Lade Datei herunter: profile.php (Commit: 53109191a005dfdb8932f81f57e8a0b19f10f55d)
2025-03-14 11:26:00 - Lade Datei herunter: templates/admin/modules.tpl (Commit: 53109191a005dfdb8932f81f57e8a0b19f10f55d)
2025-03-14 11:26:01 - Lade Datei herunter: templates/admin/user_details.tpl (Commit: 53109191a005dfdb8932f81f57e8a0b19f10f55d)
2025-03-14 11:26:01 - Lade Datei herunter: templates/admin/users.tpl (Commit: 53109191a005dfdb8932f81f57e8a0b19f10f55d)
2025-03-14 11:26:01 - Lade Datei herunter: templates/dashboard.tpl (Commit: 53109191a005dfdb8932f81f57e8a0b19f10f55d)
2025-03-14 11:26:01 - Lade Datei herunter: templates/header.tpl (Commit: 53109191a005dfdb8932f81f57e8a0b19f10f55d)
2025-03-14 11:26:02 - Lade Datei herunter: templates/profile.tpl (Commit: 53109191a005dfdb8932f81f57e8a0b19f10f55d)
2025-03-14 11:26:02 - Lade Datei herunter: templates_c/0015380a2f6a7a01b4ca9d95c707075f3edc72bb_0.file_02_preferences.php.php (Commit: 53109191a005dfdb8932f81f57e8a0b19f10f55d)
2025-03-14 11:26:02 - Lade Datei herunter: templates_c/2219b3e0738856d12e4f653e63753416e0cd4093_0.file_profile.tpl.php (Commit: 53109191a005dfdb8932f81f57e8a0b19f10f55d)
2025-03-14 11:26:03 - Lade Datei herunter: templates_c/53e0e18cd290c8b017e51c7734e2e6e2a46c318e_0.file_users.tpl.php (Commit: 53109191a005dfdb8932f81f57e8a0b19f10f55d)
2025-03-14 11:26:03 - Lade Datei herunter: templates_c/a9539c0258ffc8369ad61f7b4907f5da8a780544_0.file_user_details.tpl.php (Commit: 53109191a005dfdb8932f81f57e8a0b19f10f55d)
2025-03-14 11:26:03 - Lade Datei herunter: templates_c/b473e0060e5a8923b104c7cd62630caa0ed5a07e_0.file_header.tpl.php (Commit: 53109191a005dfdb8932f81f57e8a0b19f10f55d)
2025-03-14 11:26:04 - Lade Datei herunter: templates_c/c9d1b9d70bb742807df8e958b03589134bd6a195_0.file_01_security.php.php (Commit: 53109191a005dfdb8932f81f57e8a0b19f10f55d)
2025-03-14 11:26:04 - Lade Datei herunter: templates_c/cb70334e2f43abb1a352ff61a2312644f5a153ab_0.file_dashboard.tpl.php (Commit: 53109191a005dfdb8932f81f57e8a0b19f10f55d)
2025-03-14 11:26:04 - Lade Datei herunter: uploads/profile_images/profile_1_1741260777.png (Commit: 53109191a005dfdb8932f81f57e8a0b19f10f55d)
2025-03-14 11:26:04 - Verarbeite Commit: 3500d1ab39956c81bc50a8f51cb5c537c09201c6 - update modulsystem
2025-03-14 11:26:04 - Rufe geänderte Dateien für Commit 3500d1ab39956c81bc50a8f51cb5c537c09201c6 ab
2025-03-14 11:26:05 - Lade Datei herunter: .gitignore (Commit: 3500d1ab39956c81bc50a8f51cb5c537c09201c6)
2025-03-14 11:26:05 - Lade Datei herunter: admin/module-manager.php (Commit: 3500d1ab39956c81bc50a8f51cb5c537c09201c6)
2025-03-14 11:26:05 - Lade Datei herunter: classes/Database.php (Commit: 3500d1ab39956c81bc50a8f51cb5c537c09201c6)
2025-03-14 11:26:06 - Lade Datei herunter: classes/ModulManager.php (Commit: 3500d1ab39956c81bc50a8f51cb5c537c09201c6)
2025-03-14 11:26:06 - Lade Datei herunter: classes/Theme.php (Commit: 3500d1ab39956c81bc50a8f51cb5c537c09201c6)
2025-03-14 11:26:06 - Lade Datei herunter: includes/user/profil/dashboard/weather.php (Commit: 3500d1ab39956c81bc50a8f51cb5c537c09201c6)
2025-03-14 11:26:06 - Lade Datei herunter: init.php (Commit: 3500d1ab39956c81bc50a8f51cb5c537c09201c6)
2025-03-14 11:26:07 - Lade Datei herunter: templates/admin/module-manager.tpl (Commit: 3500d1ab39956c81bc50a8f51cb5c537c09201c6)
2025-03-14 11:26:07 - Verarbeite Commit: 75b715a556b9ecf302ebd54a8c3870b9b8f84816 - updating modulsystem
2025-03-14 11:26:07 - Rufe geänderte Dateien für Commit 75b715a556b9ecf302ebd54a8c3870b9b8f84816 ab
2025-03-14 11:26:07 - Lade Datei herunter: .gitignore (Commit: 75b715a556b9ecf302ebd54a8c3870b9b8f84816)
2025-03-14 11:26:08 - Lade Datei herunter: admin/api/modules.php (Commit: 75b715a556b9ecf302ebd54a8c3870b9b8f84816)
2025-03-14 11:26:08 - Lade Datei herunter: admin/forum.php (Commit: 75b715a556b9ecf302ebd54a8c3870b9b8f84816)
2025-03-14 11:26:08 - Lade Datei herunter: admin/module-manager.php (Commit: 75b715a556b9ecf302ebd54a8c3870b9b8f84816)
2025-03-14 11:26:09 - Lade Datei herunter: classes/Database.php (Commit: 75b715a556b9ecf302ebd54a8c3870b9b8f84816)
2025-03-14 11:26:09 - Lade Datei herunter: classes/Forum.php (Commit: 75b715a556b9ecf302ebd54a8c3870b9b8f84816)
2025-03-14 11:26:09 - Lade Datei herunter: classes/ForumAdmin.php (Commit: 75b715a556b9ecf302ebd54a8c3870b9b8f84816)
2025-03-14 11:26:09 - Lade Datei herunter: classes/Logger.php (Commit: 75b715a556b9ecf302ebd54a8c3870b9b8f84816)
2025-03-14 11:26:10 - Lade Datei herunter: classes/ModuleManager.php (Commit: 75b715a556b9ecf302ebd54a8c3870b9b8f84816)
2025-03-14 11:26:10 - Lade Datei herunter: debug/module_upload_test.php (Commit: 75b715a556b9ecf302ebd54a8c3870b9b8f84816)
2025-03-14 11:26:10 - Lade Datei herunter: forum.php (Commit: 75b715a556b9ecf302ebd54a8c3870b9b8f84816)
2025-03-14 11:26:11 - Lade Datei herunter: forum_forum.php (Commit: 75b715a556b9ecf302ebd54a8c3870b9b8f84816)
2025-03-14 11:26:11 - Lade Datei herunter: forum_moderate.php (Commit: 75b715a556b9ecf302ebd54a8c3870b9b8f84816)
2025-03-14 11:26:11 - Lade Datei herunter: forum_post.php (Commit: 75b715a556b9ecf302ebd54a8c3870b9b8f84816)
2025-03-14 11:26:11 - Lade Datei herunter: forum_subscribe.php (Commit: 75b715a556b9ecf302ebd54a8c3870b9b8f84816)
2025-03-14 11:26:12 - Lade Datei herunter: forum_topic.php (Commit: 75b715a556b9ecf302ebd54a8c3870b9b8f84816)
2025-03-14 11:26:12 - Lade Datei herunter: includes/dashboard_modules/.htaccess (Commit: 75b715a556b9ecf302ebd54a8c3870b9b8f84816)
2025-03-14 11:26:12 - Lade Datei herunter: includes/system_modules/.htaccess (Commit: 75b715a556b9ecf302ebd54a8c3870b9b8f84816)
2025-03-14 11:26:13 - Lade Datei herunter: includes/system_modules/admin/forum-manager.php (Commit: 75b715a556b9ecf302ebd54a8c3870b9b8f84816)
2025-03-14 11:26:13 - Lade Datei herunter: includes/system_modules/classes/Forum.php (Commit: 75b715a556b9ecf302ebd54a8c3870b9b8f84816)
2025-03-14 11:26:13 - Lade Datei herunter: includes/system_modules/classes/ForumAdmin.php (Commit: 75b715a556b9ecf302ebd54a8c3870b9b8f84816)
2025-03-14 11:26:13 - Lade Datei herunter: includes/system_modules/includes/dashboard_modules/.htaccess (Commit: 75b715a556b9ecf302ebd54a8c3870b9b8f84816)
2025-03-14 11:26:14 - Lade Datei herunter: includes/system_modules/includes/system_modules/.htaccess (Commit: 75b715a556b9ecf302ebd54a8c3870b9b8f84816)
2025-03-14 11:26:14 - Lade Datei herunter: includes/system_modules/includes/system_modules/forum/.htaccess (Commit: 75b715a556b9ecf302ebd54a8c3870b9b8f84816)
2025-03-14 11:26:14 - Lade Datei herunter: includes/system_modules/includes/system_modules/forum/install.php (Commit: 75b715a556b9ecf302ebd54a8c3870b9b8f84816)
2025-03-14 11:26:14 - Lade Datei herunter: includes/system_modules/includes/system_modules/forum/uninstall.php (Commit: 75b715a556b9ecf302ebd54a8c3870b9b8f84816)
2025-03-14 11:26:15 - Lade Datei herunter: includes/system_modules/info.php (Commit: 75b715a556b9ecf302ebd54a8c3870b9b8f84816)
2025-03-14 11:26:15 - Lade Datei herunter: includes/system_modules/modules/forum/index.php (Commit: 75b715a556b9ecf302ebd54a8c3870b9b8f84816)
2025-03-14 11:26:15 - Lade Datei herunter: includes/system_modules/templates/admin/forum/index.tpl (Commit: 75b715a556b9ecf302ebd54a8c3870b9b8f84816)
2025-03-14 11:26:15 - Lade Datei herunter: includes/system_modules/templates/forum/category.tpl (Commit: 75b715a556b9ecf302ebd54a8c3870b9b8f84816)
2025-03-14 11:26:16 - Lade Datei herunter: includes/system_modules/templates/forum/index.tpl (Commit: 75b715a556b9ecf302ebd54a8c3870b9b8f84816)
2025-03-14 11:26:16 - Lade Datei herunter: info.php (Commit: 75b715a556b9ecf302ebd54a8c3870b9b8f84816)
2025-03-14 11:26:16 - Lade Datei herunter: install/install.php (Commit: 75b715a556b9ecf302ebd54a8c3870b9b8f84816)
2025-03-14 11:26:17 - Lade Datei herunter: templates/admin/forum.tpl (Commit: 75b715a556b9ecf302ebd54a8c3870b9b8f84816)
2025-03-14 11:26:17 - Lade Datei herunter: templates/admin/forum_categories.tpl (Commit: 75b715a556b9ecf302ebd54a8c3870b9b8f84816)
2025-03-14 11:26:17 - Lade Datei herunter: templates/admin/forum_category_delete.tpl (Commit: 75b715a556b9ecf302ebd54a8c3870b9b8f84816)
2025-03-14 11:26:17 - Lade Datei herunter: templates/admin/forum_category_form.tpl (Commit: 75b715a556b9ecf302ebd54a8c3870b9b8f84816)
2025-03-14 11:26:18 - Lade Datei herunter: templates/admin/forum_forum_delete.tpl (Commit: 75b715a556b9ecf302ebd54a8c3870b9b8f84816)
2025-03-14 11:26:18 - Lade Datei herunter: templates/admin/forum_forum_form.tpl (Commit: 75b715a556b9ecf302ebd54a8c3870b9b8f84816)
2025-03-14 11:26:18 - Lade Datei herunter: templates/admin/forum_forums.tpl (Commit: 75b715a556b9ecf302ebd54a8c3870b9b8f84816)
2025-03-14 11:26:18 - Lade Datei herunter: templates/admin/module-manager.tpl (Commit: 75b715a556b9ecf302ebd54a8c3870b9b8f84816)
2025-03-14 11:26:19 - Lade Datei herunter: templates/forum.tpl (Commit: 75b715a556b9ecf302ebd54a8c3870b9b8f84816)
2025-03-14 11:26:19 - Lade Datei herunter: templates/forum_forum.tpl (Commit: 75b715a556b9ecf302ebd54a8c3870b9b8f84816)
2025-03-14 11:26:19 - Lade Datei herunter: templates/forum_post.tpl (Commit: 75b715a556b9ecf302ebd54a8c3870b9b8f84816)
2025-03-14 11:26:20 - Lade Datei herunter: templates/forum_topic.tpl (Commit: 75b715a556b9ecf302ebd54a8c3870b9b8f84816)
2025-03-14 11:26:20 - Lade Datei herunter: uninstall/uninstall.php (Commit: 75b715a556b9ecf302ebd54a8c3870b9b8f84816)
2025-03-14 11:26:20 - Lade Datei herunter: update.php (Commit: 75b715a556b9ecf302ebd54a8c3870b9b8f84816)
2025-03-14 11:26:20 - Lade Datei herunter: upload/modules/module_67cef2fa53194.zip (Commit: 75b715a556b9ecf302ebd54a8c3870b9b8f84816)
2025-03-14 11:26:21 - Lade Datei herunter: upload/modules/module_67cef34c8000b.zip (Commit: 75b715a556b9ecf302ebd54a8c3870b9b8f84816)
2025-03-14 11:26:21 - Lade Datei herunter: upload/modules/module_67cef3917e8e5.zip (Commit: 75b715a556b9ecf302ebd54a8c3870b9b8f84816)
2025-03-14 11:26:21 - Lade Datei herunter: upload/modules/module_67cef39c31a1e.zip (Commit: 75b715a556b9ecf302ebd54a8c3870b9b8f84816)
2025-03-14 11:26:22 - Lade Datei herunter: upload/modules/module_67cef45c007a3.zip (Commit: 75b715a556b9ecf302ebd54a8c3870b9b8f84816)
2025-03-14 11:26:22 - Lade Datei herunter: upload/modules/module_67cef96f84819.zip (Commit: 75b715a556b9ecf302ebd54a8c3870b9b8f84816)
2025-03-14 11:26:22 - Verarbeite Commit: df15bc3741b49372466c20e0488c193e9b46fcd2 - adding settings page
2025-03-14 11:26:22 - Rufe geänderte Dateien für Commit df15bc3741b49372466c20e0488c193e9b46fcd2 ab
2025-03-14 11:26:22 - Lade Datei herunter: admin/settings.php (Commit: df15bc3741b49372466c20e0488c193e9b46fcd2)
2025-03-14 11:26:23 - Lade Datei herunter: classes/Language.php (Commit: df15bc3741b49372466c20e0488c193e9b46fcd2)
2025-03-14 11:26:23 - Lade Datei herunter: includes/settings/email.php (Commit: df15bc3741b49372466c20e0488c193e9b46fcd2)
2025-03-14 11:26:23 - Lade Datei herunter: includes/settings/general.php (Commit: df15bc3741b49372466c20e0488c193e9b46fcd2)
2025-03-14 11:26:24 - Lade Datei herunter: templates/admin/settings.tpl (Commit: df15bc3741b49372466c20e0488c193e9b46fcd2)
2025-03-14 11:26:24 - Lade Datei herunter: templates/admin/settings/email.tpl (Commit: df15bc3741b49372466c20e0488c193e9b46fcd2)
2025-03-14 11:26:24 - Lade Datei herunter: templates/admin/settings/general.tpl (Commit: df15bc3741b49372466c20e0488c193e9b46fcd2)
2025-03-14 11:26:24 - Verarbeite Commit: c911bd285ab721f623a40e9e9bf79f024805214a - settings updatet
2025-03-14 11:26:24 - Rufe geänderte Dateien für Commit c911bd285ab721f623a40e9e9bf79f024805214a ab
2025-03-14 11:26:25 - Lade Datei herunter: admin/api/email.php (Commit: c911bd285ab721f623a40e9e9bf79f024805214a)
2025-03-14 11:26:25 - Lade Datei herunter: admin/api/general.php (Commit: c911bd285ab721f623a40e9e9bf79f024805214a)
2025-03-14 11:26:25 - Lade Datei herunter: admin/api/metadata.php (Commit: c911bd285ab721f623a40e9e9bf79f024805214a)
2025-03-14 11:26:26 - Lade Datei herunter: classes/Logger.php (Commit: c911bd285ab721f623a40e9e9bf79f024805214a)
2025-03-14 11:26:26 - Lade Datei herunter: includes/settings/metadata.php (Commit: c911bd285ab721f623a40e9e9bf79f024805214a)
2025-03-14 11:26:26 - Lade Datei herunter: init.php (Commit: c911bd285ab721f623a40e9e9bf79f024805214a)
2025-03-14 11:26:27 - Lade Datei herunter: js/admin/admin-settings.js (Commit: c911bd285ab721f623a40e9e9bf79f024805214a)
2025-03-14 11:26:27 - Lade Datei herunter: templates/admin/settings.tpl (Commit: c911bd285ab721f623a40e9e9bf79f024805214a)
2025-03-14 11:26:27 - Lade Datei herunter: templates/admin/settings/metadata.tpl (Commit: c911bd285ab721f623a40e9e9bf79f024805214a)
2025-03-14 11:26:27 - Lade Datei herunter: templates/header.tpl (Commit: c911bd285ab721f623a40e9e9bf79f024805214a)
2025-03-14 11:26:28 - Lade Datei herunter: templates_c/b473e0060e5a8923b104c7cd62630caa0ed5a07e_0.file_header.tpl.php (Commit: c911bd285ab721f623a40e9e9bf79f024805214a)
2025-03-14 11:26:28 - Verarbeite Commit: 7b689c7aad75f65fbfeb742956385736131ff509 - update Databse.php and Auth Check
2025-03-14 11:26:28 - Rufe geänderte Dateien für Commit 7b689c7aad75f65fbfeb742956385736131ff509 ab
2025-03-14 11:26:28 - Lade Datei herunter: admin/forum.php (Commit: 7b689c7aad75f65fbfeb742956385736131ff509)
2025-03-14 11:26:29 - Lade Datei herunter: classes/Database.php (Commit: 7b689c7aad75f65fbfeb742956385736131ff509)
2025-03-14 11:26:29 - Lade Datei herunter: classes/Forum.php (Commit: 7b689c7aad75f65fbfeb742956385736131ff509)
2025-03-14 11:26:29 - Lade Datei herunter: classes/ForumAdmin.php (Commit: 7b689c7aad75f65fbfeb742956385736131ff509)
2025-03-14 11:26:29 - Lade Datei herunter: forum_forum.php (Commit: 7b689c7aad75f65fbfeb742956385736131ff509)
2025-03-14 11:26:30 - Lade Datei herunter: forum_moderate.php (Commit: 7b689c7aad75f65fbfeb742956385736131ff509)
2025-03-14 11:26:30 - Lade Datei herunter: forum_post.php (Commit: 7b689c7aad75f65fbfeb742956385736131ff509)
2025-03-14 11:26:30 - Lade Datei herunter: forum_subscribe.php (Commit: 7b689c7aad75f65fbfeb742956385736131ff509)
2025-03-14 11:26:31 - Lade Datei herunter: forum_topic.php (Commit: 7b689c7aad75f65fbfeb742956385736131ff509)
2025-03-14 11:26:31 - Lade Datei herunter: includes/auth_check.php (Commit: 7b689c7aad75f65fbfeb742956385736131ff509)
2025-03-14 11:26:31 - Lade Datei herunter: templates/admin/forum.tpl (Commit: 7b689c7aad75f65fbfeb742956385736131ff509)
2025-03-14 11:26:31 - Lade Datei herunter: templates/admin/forum_category_delete.tpl (Commit: 7b689c7aad75f65fbfeb742956385736131ff509)
2025-03-14 11:26:32 - Lade Datei herunter: templates/admin/forum_category_form.tpl (Commit: 7b689c7aad75f65fbfeb742956385736131ff509)
2025-03-14 11:26:32 - Lade Datei herunter: templates/admin/forum_forum_delete.tpl (Commit: 7b689c7aad75f65fbfeb742956385736131ff509)
2025-03-14 11:26:32 - Lade Datei herunter: templates/admin/forum_forum_form.tpl (Commit: 7b689c7aad75f65fbfeb742956385736131ff509)
2025-03-14 11:26:32 - Lade Datei herunter: templates/forum_post.tpl (Commit: 7b689c7aad75f65fbfeb742956385736131ff509)
2025-03-14 11:26:33 - Lade Datei herunter: templates/forum_topic.tpl (Commit: 7b689c7aad75f65fbfeb742956385736131ff509)
2025-03-14 11:26:33 - Verarbeite Commit: 36d1e1fac28d872fc17efe79b84f4612df066c34 - adding customizer for start page
2025-03-14 11:26:33 - Rufe geänderte Dateien für Commit 36d1e1fac28d872fc17efe79b84f4612df066c34 ab
2025-03-14 11:26:33 - Lade Datei herunter: admin/ajax/index_customizer_ajax.php (Commit: 36d1e1fac28d872fc17efe79b84f4612df066c34)
2025-03-14 11:26:34 - Lade Datei herunter: admin/index_customizer.php (Commit: 36d1e1fac28d872fc17efe79b84f4612df066c34)
2025-03-14 11:26:34 - Lade Datei herunter: classes/Database.php (Commit: 36d1e1fac28d872fc17efe79b84f4612df066c34)
2025-03-14 11:26:34 - Lade Datei herunter: classes/IndexCustomizer.php (Commit: 36d1e1fac28d872fc17efe79b84f4612df066c34)
2025-03-14 11:26:35 - Lade Datei herunter: index.php (Commit: 36d1e1fac28d872fc17efe79b84f4612df066c34)
2025-03-14 11:26:35 - Lade Datei herunter: js/index_customizer.js (Commit: 36d1e1fac28d872fc17efe79b84f4612df066c34)
2025-03-14 11:26:35 - Lade Datei herunter: templates/admin/index_customizer.tpl (Commit: 36d1e1fac28d872fc17efe79b84f4612df066c34)
2025-03-14 11:26:35 - Lade Datei herunter: templates/header.tpl (Commit: 36d1e1fac28d872fc17efe79b84f4612df066c34)
2025-03-14 11:26:36 - Lade Datei herunter: templates/index.tpl (Commit: 36d1e1fac28d872fc17efe79b84f4612df066c34)
2025-03-14 11:26:36 - Lade Datei herunter: templates_c/b473e0060e5a8923b104c7cd62630caa0ed5a07e_0.file_header.tpl.php (Commit: 36d1e1fac28d872fc17efe79b84f4612df066c34)
2025-03-14 11:26:36 - Verarbeite Commit: 481f867181f2ea155acd3a5390415a58e28e1d46 - adding updatescript
2025-03-14 11:26:36 - Rufe geänderte Dateien für Commit 481f867181f2ea155acd3a5390415a58e28e1d46 ab
2025-03-14 11:26:37 - Lade Datei herunter: admin/api/git_updater.php (Commit: 481f867181f2ea155acd3a5390415a58e28e1d46)
2025-03-14 11:26:37 - Lade Datei herunter: admin/git_updater.php (Commit: 481f867181f2ea155acd3a5390415a58e28e1d46)
2025-03-14 11:26:37 - Lade Datei herunter: classes/GitHub.php (Commit: 481f867181f2ea155acd3a5390415a58e28e1d46)
2025-03-14 11:26:37 - Lade Datei herunter: includes/backups/.gitkeep (Commit: 481f867181f2ea155acd3a5390415a58e28e1d46)
2025-03-14 11:26:38 - Lade Datei herunter: includes/logs/.gitkeep (Commit: 481f867181f2ea155acd3a5390415a58e28e1d46)
2025-03-14 11:26:38 - Lade Datei herunter: js/admin/git_updater.js (Commit: 481f867181f2ea155acd3a5390415a58e28e1d46)
2025-03-14 11:26:38 - Lade Datei herunter: templates/admin/git_updater.tpl (Commit: 481f867181f2ea155acd3a5390415a58e28e1d46)
2025-03-14 11:26:39 - Lade Datei herunter: templates/admin/header.tpl (Commit: 481f867181f2ea155acd3a5390415a58e28e1d46)
2025-03-14 11:26:39 - Lade Datei herunter: templates_c/c470d7cac55b17deffd0159ffab1e79505e295e0_0.file_header.tpl.php (Commit: 481f867181f2ea155acd3a5390415a58e28e1d46)
2025-03-14 11:42:00 - Rufe Commits ab für isaack0815/SUEE4
2025-03-14 11:42:01 - Gefunden: 0 neue Commits
2025-03-14 12:02:26 - Rufe Commits ab für isaack0815/SUEE4
2025-03-14 12:02:26 - API-Fehler: HTTP-Code 401 für https://api.github.com/repos/isaack0815/SUEE4/commits
2025-03-14 12:02:26 - Antwort: {"message":"Bad credentials","documentation_url":"https://docs.github.com/rest","status":"401"}
2025-03-14 12:03:19 - Rufe Commits ab für isaack0815/SUEE4
2025-03-14 12:03:19 - API-Fehler: HTTP-Code 401 für https://api.github.com/repos/isaack0815/SUEE4/commits
2025-03-14 12:03:19 - Antwort: {"message":"Bad credentials","documentation_url":"https://docs.github.com/rest","status":"401"}
2025-03-14 12:13:40 - Repository ist öffentlich zugänglich
2025-03-14 12:13:40 - Rufe Commits ab für isaack0815/SUEE4
2025-03-14 12:13:40 - API-Fehler: HTTP-Code 401 für https://api.github.com/repos/isaack0815/SUEE4/commits
2025-03-14 12:13:40 - Antwort: {"message":"Bad credentials","documentation_url":"https://docs.github.com/rest","status":"401"}
2025-03-14 12:18:09 - Repository ist öffentlich zugänglich
2025-03-14 12:18:09 - Rufe Commits ab für isaack0815/SUEE4
2025-03-14 12:18:09 - API-Fehler: HTTP-Code 401 für https://api.github.com/repos/isaack0815/SUEE4/commits
2025-03-14 12:18:09 - Antwort: {"message":"Bad credentials","documentation_url":"https://docs.github.com/rest","status":"401"}
2025-03-14 12:27:43 - Repository ist öffentlich zugänglich
2025-03-14 12:27:43 - Rufe Commits ab für isaack0815/SUEE4
2025-03-14 12:27:43 - API-Fehler: HTTP-Code 401 für https://api.github.com/repos/isaack0815/SUEE4/commits
2025-03-14 12:27:43 - Antwort: {"message":"Bad credentials","documentation_url":"https://docs.github.com/rest","status":"401"}
2025-03-14 12:35:10 - Repository ist öffentlich zugänglich
2025-03-14 12:35:10 - Rufe Commits ab für isaack0815/SUEE4
2025-03-14 12:35:10 - API-Fehler: HTTP-Code 401 für https://api.github.com/repos/isaack0815/SUEE4/commits
2025-03-14 12:35:10 - Antwort: {"message":"Bad credentials","documentation_url":"https://docs.github.com/rest","status":"401"}
2025-03-14 12:37:01 - Repository ist öffentlich zugänglich
2025-03-14 12:37:01 - Rufe Commits ab für isaack0815/SUEE4
2025-03-14 12:37:02 - API-Fehler: HTTP-Code 401 für https://api.github.com/repos/isaack0815/SUEE4/commits
2025-03-14 12:37:02 - Antwort: {"message":"Bad credentials","documentation_url":"https://docs.github.com/rest","status":"401"}
2025-03-14 12:37:46 - Repository ist öffentlich zugänglich
2025-03-14 12:37:46 - Rufe Commits ab für isaack0815/SUEE4
2025-03-14 12:37:46 - API-Fehler: HTTP-Code 401 für https://api.github.com/repos/isaack0815/SUEE4/commits
2025-03-14 12:37:46 - Antwort: {"message":"Bad credentials","documentation_url":"https://docs.github.com/rest","status":"401"}
2025-03-14 12:38:43 - Repository ist öffentlich zugänglich
2025-03-14 12:38:43 - Rufe Commits ab für isaack0815/SUEE4
2025-03-14 12:38:43 - API-Fehler: HTTP-Code 401 für https://api.github.com/repos/isaack0815/SUEE4/commits
2025-03-14 12:38:43 - Antwort: {"message":"Bad credentials","documentation_url":"https://docs.github.com/rest","status":"401"}
2025-03-14 12:39:40 - Repository ist öffentlich zugänglich
2025-03-14 12:39:40 - Rufe Commits ab für isaack0815/SUEE4
2025-03-14 12:39:40 - API-Fehler: HTTP-Code 401 für https://api.github.com/repos/isaack0815/SUEE4/commits
2025-03-14 12:39:40 - Antwort: {"message":"Bad credentials","documentation_url":"https://docs.github.com/rest","status":"401"}
2025-03-14 12:41:49 - Repository ist öffentlich zugänglich
2025-03-14 12:41:49 - Rufe Commits ab für isaack0815/SUEE4
2025-03-14 12:41:50 - API-Fehler: HTTP-Code 401 für https://api.github.com/repos/isaack0815/SUEE4/commits
2025-03-14 12:41:50 - Antwort: {"message":"Bad credentials","documentation_url":"https://docs.github.com/rest","status":"401"}
2025-03-14 12:46:38 - Rufe Commits ab für isaack0815/SUEE4
2025-03-14 12:53:13 - API-Anfrage ohne Token: https://api.github.com/repos/isaack0815/SUEE4
2025-03-14 12:53:14 - Repository ist zugänglich: isaack0815/SUEE4
2025-03-14 12:53:14 - Rufe Commits ab für isaack0815/SUEE4
2025-03-14 12:53:14 - API-Anfrage mit Token: https://api.github.com/repos/isaack0815/SUEE4/commits
2025-03-14 12:53:14 - API-Fehler: HTTP 401, Nachricht: Bad credentials
2025-03-14 12:53:14 - Token-Authentifizierung fehlgeschlagen, versuche ohne Token
2025-03-14 12:53:14 - API-Anfrage ohne Token: https://api.github.com/repos/isaack0815/SUEE4/commits
2025-03-14 12:53:14 - Gefunden: 0 neue Commits
2025-03-14 12:53:19 - API-Anfrage ohne Token: https://api.github.com/repos/isaack0815/SUEE4
2025-03-14 12:53:19 - Repository ist zugänglich: isaack0815/SUEE4
2025-03-14 12:53:19 - Rufe Commits ab für isaack0815/SUEE4
2025-03-14 12:53:19 - API-Anfrage mit Token: https://api.github.com/repos/isaack0815/SUEE4/commits
2025-03-14 12:53:20 - API-Fehler: HTTP 401, Nachricht: Bad credentials
2025-03-14 12:53:20 - Token-Authentifizierung fehlgeschlagen, versuche ohne Token
2025-03-14 12:53:20 - API-Anfrage ohne Token: https://api.github.com/repos/isaack0815/SUEE4/commits
2025-03-14 12:53:20 - Gefunden: 0 neue Commits
